[I 13:22:32.277 NotebookApp] [nb_conda_kernels] enabled, 12 kernels found
[I 13:22:32.963 NotebookApp] Authentication of /metrics is OFF, since other authentication is disabled.
[W 13:22:37.502 NotebookApp] All authentication is disabled.  Anyone who can connect to this server will be able to run code.
[W 2023-03-01 13:22:46.348 LabApp] Config option `kernel_spec_manager_class` not recognized by `LabApp`.
[W 2023-03-01 13:22:46.584 LabApp] 'ip' has moved from NotebookApp to ServerApp. This config will be passed to ServerApp. Be sure to update your config before our next release.
[W 2023-03-01 13:22:46.584 LabApp] 'port' has moved from NotebookApp to ServerApp. This config will be passed to ServerApp. Be sure to update your config before our next release.
[W 2023-03-01 13:22:46.627 LabApp] 'token' has moved from NotebookApp to ServerApp. This config will be passed to ServerApp. Be sure to update your config before our next release.
[W 2023-03-01 13:22:46.663 LabApp] 'password' has moved from NotebookApp to ServerApp. This config will be passed to ServerApp. Be sure to update your config before our next release.
[W 2023-03-01 13:22:46.748 LabApp] 'password' has moved from NotebookApp to ServerApp. This config will be passed to ServerApp. Be sure to update your config before our next release.
[W 2023-03-01 13:22:46.928 LabApp] 'password' has moved from NotebookApp to ServerApp. This config will be passed to ServerApp. Be sure to update your config before our next release.
[W 2023-03-01 13:22:46.965 LabApp] Config option `kernel_spec_manager_class` not recognized by `LabApp`.
[W 2023-03-01 13:22:47.084 LabApp] Config option `kernel_spec_manager_class` not recognized by `LabApp`.
[I 2023-03-01 13:22:47.214 LabApp] JupyterLab extension loaded from /om/user/leokoz8/envs/rnns-of-rnns-env/lib/python3.8/site-packages/jupyterlab
[I 2023-03-01 13:22:47.349 LabApp] JupyterLab application directory is /om/user/leokoz8/envs/rnns-of-rnns-env/share/jupyter/lab
[I 13:22:47.440 NotebookApp] Serving notebooks from local directory: /rdma/vast-rdma/vast/fiete/leokoz8/code/rnns-of-rnns
[I 13:22:47.511 NotebookApp] Jupyter Notebook 6.3.0 is running at:
[I 13:22:47.650 NotebookApp] http://node082:9000/
[I 13:22:47.695 NotebookApp] Use Control-C to stop this server and shut down all kernels (twice to skip confirmation).
[I 13:24:42.190 NotebookApp] 302 GET / (172.16.24.254) 25.020000ms
[I 13:29:00.266 NotebookApp] 302 GET / (172.16.24.254) 43.130000ms
[I 13:29:00.342 NotebookApp] 302 GET / (172.16.24.254) 118.200000ms
[I 13:29:00.466 NotebookApp] 302 GET / (172.16.24.254) 242.150000ms
[I 13:29:00.538 NotebookApp] 302 GET / (172.16.24.254) 313.280000ms
/om/user/leokoz8/envs/rnns-of-rnns-env/lib/python3.8/json/encoder.py:257: UserWarning: date_default is deprecated since jupyter_client 7.0.0. Use jupyter_client.jsonutil.json_default.
  return _iterencode(o, 0)
[W 13:29:21.088 NotebookApp] Notebook notebooks/testing-notebook.ipynb is not trusted
Exception in callback <TaskWakeupMethWrapper object at 0x2b1fd4002e20>(<Future finis...late\r\n\r\n'>)
handle: <Handle <TaskWakeupMethWrapper object at 0x2b1fd4002e20>(<Future finis...late\r\n\r\n'>)>
Traceback (most recent call last):
  File "/om/user/leokoz8/envs/rnns-of-rnns-env/lib/python3.8/asyncio/events.py", line 81, in _run
    self._context.run(self._callback, *self._args)
RuntimeError: Cannot enter into task <Task pending name='Task-62' coro=<HTTP1ServerConnection._server_request_loop() running at /om/user/leokoz8/envs/rnns-of-rnns-env/lib/python3.8/site-packages/tornado/http1connection.py:825> wait_for=<Future finished result=b'GET /kernel...flate\r\n\r\n'> cb=[IOLoop.add_future.<locals>.<lambda>() at /om/user/leokoz8/envs/rnns-of-rnns-env/lib/python3.8/site-packages/tornado/ioloop.py:687]> while another task <Task pending name='Task-1' coro=<MultiKernelManager._async_start_kernel() running at /om/user/leokoz8/envs/rnns-of-rnns-env/lib/python3.8/site-packages/jupyter_client/multikernelmanager.py:207>> is being executed.
[I 13:29:22.718 NotebookApp] Kernel started: 5ca54477-f3f7-4e78-aeae-d6be11fbf3ed, name: conda-env-leokoz8-rnns-of-rnns-env-py
/om/user/leokoz8/envs/rnns-of-rnns-env/lib/python3.8/json/encoder.py:257: UserWarning: date_default is deprecated since jupyter_client 7.0.0. Use jupyter_client.jsonutil.json_default.
  return _iterencode(o, 0)
[I 13:33:22.068 NotebookApp] Saving file at /notebooks/testing-notebook.ipynb
[W 13:33:22.123 NotebookApp] Notebook notebooks/testing-notebook.ipynb is not trusted
[I 13:35:22.486 NotebookApp] Saving file at /notebooks/testing-notebook.ipynb
[W 13:35:22.559 NotebookApp] Notebook notebooks/testing-notebook.ipynb is not trusted
[I 13:39:23.203 NotebookApp] Saving file at /notebooks/testing-notebook.ipynb
[W 13:39:23.241 NotebookApp] Notebook notebooks/testing-notebook.ipynb is not trusted
[I 13:41:21.674 NotebookApp] Saving file at /notebooks/testing-notebook.ipynb
[W 13:41:21.681 NotebookApp] Notebook notebooks/testing-notebook.ipynb is not trusted
[I 13:43:21.795 NotebookApp] Saving file at /notebooks/testing-notebook.ipynb
[W 13:43:21.846 NotebookApp] Notebook notebooks/testing-notebook.ipynb is not trusted
[I 13:45:22.078 NotebookApp] Saving file at /notebooks/testing-notebook.ipynb
[W 13:45:22.146 NotebookApp] Notebook notebooks/testing-notebook.ipynb is not trusted
[I 13:45:42.997 NotebookApp] Kernel interrupted: 5ca54477-f3f7-4e78-aeae-d6be11fbf3ed
[I 13:47:21.954 NotebookApp] Saving file at /notebooks/testing-notebook.ipynb
[W 13:47:21.998 NotebookApp] Notebook notebooks/testing-notebook.ipynb is not trusted
[I 13:49:22.026 NotebookApp] Saving file at /notebooks/testing-notebook.ipynb
[W 13:49:22.076 NotebookApp] Notebook notebooks/testing-notebook.ipynb is not trusted
[I 13:53:21.738 NotebookApp] Saving file at /notebooks/testing-notebook.ipynb
[I 13:55:21.783 NotebookApp] Saving file at /notebooks/testing-notebook.ipynb
[I 13:57:21.900 NotebookApp] Saving file at /notebooks/testing-notebook.ipynb
[I 13:59:21.741 NotebookApp] Saving file at /notebooks/testing-notebook.ipynb
[I 14:01:21.619 NotebookApp] Saving file at /notebooks/testing-notebook.ipynb
[I 14:02:10.549 NotebookApp] Kernel interrupted: 5ca54477-f3f7-4e78-aeae-d6be11fbf3ed
[I 14:02:14.072 NotebookApp] Kernel interrupted: 5ca54477-f3f7-4e78-aeae-d6be11fbf3ed
[I 14:03:21.755 NotebookApp] Saving file at /notebooks/testing-notebook.ipynb
[I 14:05:21.759 NotebookApp] Saving file at /notebooks/testing-notebook.ipynb
[I 14:07:21.682 NotebookApp] Saving file at /notebooks/testing-notebook.ipynb
[I 14:09:21.716 NotebookApp] Saving file at /notebooks/testing-notebook.ipynb
[I 14:11:21.774 NotebookApp] Saving file at /notebooks/testing-notebook.ipynb
[I 14:13:21.615 NotebookApp] Saving file at /notebooks/testing-notebook.ipynb
[I 14:15:21.721 NotebookApp] Saving file at /notebooks/testing-notebook.ipynb
[I 14:17:21.826 NotebookApp] Saving file at /notebooks/testing-notebook.ipynb
[I 14:19:07.868 NotebookApp] Kernel interrupted: 5ca54477-f3f7-4e78-aeae-d6be11fbf3ed
[I 14:19:21.842 NotebookApp] Saving file at /notebooks/testing-notebook.ipynb
[I 14:21:21.998 NotebookApp] Saving file at /notebooks/testing-notebook.ipynb
[I 14:23:21.743 NotebookApp] Saving file at /notebooks/testing-notebook.ipynb
[I 14:25:10.243 NotebookApp] Kernel interrupted: 5ca54477-f3f7-4e78-aeae-d6be11fbf3ed
[I 14:25:21.744 NotebookApp] Saving file at /notebooks/testing-notebook.ipynb
Exception in callback <TaskWakeupMethWrapper object at 0x2b1fd3ff9a00>(<Future finis...late\r\n\r\n'>)
handle: <Handle <TaskWakeupMethWrapper object at 0x2b1fd3ff9a00>(<Future finis...late\r\n\r\n'>)>
Traceback (most recent call last):
  File "/om/user/leokoz8/envs/rnns-of-rnns-env/lib/python3.8/asyncio/events.py", line 81, in _run
    self._context.run(self._callback, *self._args)
RuntimeError: Cannot enter into task <Task pending name='Task-36' coro=<HTTP1ServerConnection._server_request_loop() running at /om/user/leokoz8/envs/rnns-of-rnns-env/lib/python3.8/site-packages/tornado/http1connection.py:825> wait_for=<Future finished result=b'GET /static...flate\r\n\r\n'> cb=[IOLoop.add_future.<locals>.<lambda>() at /om/user/leokoz8/envs/rnns-of-rnns-env/lib/python3.8/site-packages/tornado/ioloop.py:687]> while another task <Task pending name='Task-2986' coro=<PeriodicCallback._run() running at /om/user/leokoz8/envs/rnns-of-rnns-env/lib/python3.8/site-packages/tornado/ioloop.py:921> cb=[IOLoop.add_future.<locals>.<lambda>() at /om/user/leokoz8/envs/rnns-of-rnns-env/lib/python3.8/site-packages/tornado/ioloop.py:694]> is being executed.
[I 14:27:22.010 NotebookApp] Saving file at /notebooks/testing-notebook.ipynb
[I 14:33:22.589 NotebookApp] Saving file at /notebooks/testing-notebook.ipynb
[I 14:35:21.688 NotebookApp] Saving file at /notebooks/testing-notebook.ipynb
[I 14:37:21.939 NotebookApp] Saving file at /notebooks/testing-notebook.ipynb
[I 14:39:21.859 NotebookApp] Saving file at /notebooks/testing-notebook.ipynb
[I 14:41:21.855 NotebookApp] Saving file at /notebooks/testing-notebook.ipynb
[I 14:43:22.612 NotebookApp] Saving file at /notebooks/testing-notebook.ipynb
[I 14:43:37.280 NotebookApp] Kernel interrupted: 5ca54477-f3f7-4e78-aeae-d6be11fbf3ed
[I 14:45:22.604 NotebookApp] Saving file at /notebooks/testing-notebook.ipynb
[I 14:46:39.249 NotebookApp] Kernel interrupted: 5ca54477-f3f7-4e78-aeae-d6be11fbf3ed
[I 14:47:21.890 NotebookApp] Saving file at /notebooks/testing-notebook.ipynb
[I 14:48:32.124 NotebookApp] Kernel interrupted: 5ca54477-f3f7-4e78-aeae-d6be11fbf3ed
[I 14:49:22.271 NotebookApp] Saving file at /notebooks/testing-notebook.ipynb
[I 16:05:21.892 NotebookApp] Saving file at /notebooks/testing-notebook.ipynb
[I 16:06:55.084 NotebookApp] Kernel interrupted: 5ca54477-f3f7-4e78-aeae-d6be11fbf3ed
[I 16:07:21.957 NotebookApp] Saving file at /notebooks/testing-notebook.ipynb
[I 16:08:54.292 NotebookApp] Kernel interrupted: 5ca54477-f3f7-4e78-aeae-d6be11fbf3ed
[I 16:08:57.392 NotebookApp] Kernel interrupted: 5ca54477-f3f7-4e78-aeae-d6be11fbf3ed
[I 16:09:21.942 NotebookApp] Saving file at /notebooks/testing-notebook.ipynb
[I 16:11:21.855 NotebookApp] Saving file at /notebooks/testing-notebook.ipynb
[I 16:13:21.872 NotebookApp] Saving file at /notebooks/testing-notebook.ipynb
[I 16:15:21.855 NotebookApp] Saving file at /notebooks/testing-notebook.ipynb
[I 16:17:21.920 NotebookApp] Saving file at /notebooks/testing-notebook.ipynb
[I 16:19:21.890 NotebookApp] Saving file at /notebooks/testing-notebook.ipynb
[I 18:31:22.248 NotebookApp] Saving file at /notebooks/testing-notebook.ipynb
[I 18:35:22.381 NotebookApp] Saving file at /notebooks/testing-notebook.ipynb
[I 18:59:21.803 NotebookApp] Saving file at /notebooks/testing-notebook.ipynb
[I 19:01:21.818 NotebookApp] Saving file at /notebooks/testing-notebook.ipynb
[I 19:03:21.852 NotebookApp] Saving file at /notebooks/testing-notebook.ipynb
[I 19:07:21.811 NotebookApp] Saving file at /notebooks/testing-notebook.ipynb
[I 19:09:21.864 NotebookApp] Saving file at /notebooks/testing-notebook.ipynb
[I 19:11:21.886 NotebookApp] Saving file at /notebooks/testing-notebook.ipynb
[I 19:13:21.994 NotebookApp] Saving file at /notebooks/testing-notebook.ipynb
[I 19:15:21.808 NotebookApp] Saving file at /notebooks/testing-notebook.ipynb
[I 19:23:08.741 NotebookApp] Saving file at /notebooks/testing-notebook.ipynb
[I 19:25:21.875 NotebookApp] Saving file at /notebooks/testing-notebook.ipynb
[I 19:27:21.778 NotebookApp] Saving file at /notebooks/testing-notebook.ipynb
[I 19:29:21.874 NotebookApp] Saving file at /notebooks/testing-notebook.ipynb
[I 19:31:22.257 NotebookApp] Saving file at /notebooks/testing-notebook.ipynb
[I 19:35:22.038 NotebookApp] Saving file at /notebooks/testing-notebook.ipynb
[I 19:37:03.637 NotebookApp] Kernel interrupted: 5ca54477-f3f7-4e78-aeae-d6be11fbf3ed
[I 19:37:21.935 NotebookApp] Saving file at /notebooks/testing-notebook.ipynb
[I 19:38:27.045 NotebookApp] Kernel interrupted: 5ca54477-f3f7-4e78-aeae-d6be11fbf3ed
[I 19:39:21.798 NotebookApp] Saving file at /notebooks/testing-notebook.ipynb
[I 19:41:21.711 NotebookApp] Saving file at /notebooks/testing-notebook.ipynb
[I 19:43:03.336 NotebookApp] Kernel interrupted: 5ca54477-f3f7-4e78-aeae-d6be11fbf3ed
[I 19:43:15.166 NotebookApp] Kernel interrupted: 5ca54477-f3f7-4e78-aeae-d6be11fbf3ed
[I 19:43:21.704 NotebookApp] Saving file at /notebooks/testing-notebook.ipynb
[I 19:45:21.688 NotebookApp] Saving file at /notebooks/testing-notebook.ipynb
[I 19:47:21.720 NotebookApp] Saving file at /notebooks/testing-notebook.ipynb
[I 19:49:21.675 NotebookApp] Saving file at /notebooks/testing-notebook.ipynb
[I 19:51:21.715 NotebookApp] Saving file at /notebooks/testing-notebook.ipynb
[I 19:55:03.152 NotebookApp] Kernel interrupted: 5ca54477-f3f7-4e78-aeae-d6be11fbf3ed
[I 19:55:21.741 NotebookApp] Saving file at /notebooks/testing-notebook.ipynb
[I 19:57:21.696 NotebookApp] Saving file at /notebooks/testing-notebook.ipynb
[I 19:57:24.712 NotebookApp] Kernel interrupted: 5ca54477-f3f7-4e78-aeae-d6be11fbf3ed
[I 19:59:21.772 NotebookApp] Saving file at /notebooks/testing-notebook.ipynb
[I 20:05:21.756 NotebookApp] Saving file at /notebooks/testing-notebook.ipynb
[I 20:05:50.249 NotebookApp] Kernel interrupted: 5ca54477-f3f7-4e78-aeae-d6be11fbf3ed
[I 20:07:21.750 NotebookApp] Saving file at /notebooks/testing-notebook.ipynb
[I 20:09:21.686 NotebookApp] Saving file at /notebooks/testing-notebook.ipynb
[I 20:11:21.774 NotebookApp] Saving file at /notebooks/testing-notebook.ipynb
[I 20:13:21.807 NotebookApp] Saving file at /notebooks/testing-notebook.ipynb
[I 20:15:21.979 NotebookApp] Saving file at /notebooks/testing-notebook.ipynb
[I 20:17:21.815 NotebookApp] Saving file at /notebooks/testing-notebook.ipynb
[I 20:17:54.024 NotebookApp] Kernel interrupted: 5ca54477-f3f7-4e78-aeae-d6be11fbf3ed
[I 20:19:21.743 NotebookApp] Saving file at /notebooks/testing-notebook.ipynb
[I 20:19:27.274 NotebookApp] Kernel interrupted: 5ca54477-f3f7-4e78-aeae-d6be11fbf3ed
[I 20:21:21.747 NotebookApp] Saving file at /notebooks/testing-notebook.ipynb
[I 20:23:03.684 NotebookApp] Kernel interrupted: 5ca54477-f3f7-4e78-aeae-d6be11fbf3ed
[I 20:23:21.799 NotebookApp] Saving file at /notebooks/testing-notebook.ipynb
[I 20:27:21.734 NotebookApp] Saving file at /notebooks/testing-notebook.ipynb
[I 20:29:22.407 NotebookApp] Saving file at /notebooks/testing-notebook.ipynb
[I 20:31:21.769 NotebookApp] Saving file at /notebooks/testing-notebook.ipynb
[I 20:33:21.852 NotebookApp] Saving file at /notebooks/testing-notebook.ipynb
[I 21:13:22.191 NotebookApp] Saving file at /notebooks/testing-notebook.ipynb
[I 21:15:22.549 NotebookApp] Saving file at /notebooks/testing-notebook.ipynb
[I 21:17:22.426 NotebookApp] Saving file at /notebooks/testing-notebook.ipynb
[I 21:19:22.436 NotebookApp] Saving file at /notebooks/testing-notebook.ipynb
[I 21:21:22.451 NotebookApp] Saving file at /notebooks/testing-notebook.ipynb
[I 21:23:22.617 NotebookApp] Saving file at /notebooks/testing-notebook.ipynb
[I 21:25:22.445 NotebookApp] Saving file at /notebooks/testing-notebook.ipynb
[I 21:27:22.646 NotebookApp] Saving file at /notebooks/testing-notebook.ipynb
[I 21:29:22.711 NotebookApp] Saving file at /notebooks/testing-notebook.ipynb
[I 21:31:22.511 NotebookApp] Saving file at /notebooks/testing-notebook.ipynb
[I 21:33:22.537 NotebookApp] Saving file at /notebooks/testing-notebook.ipynb
[I 21:35:22.499 NotebookApp] Saving file at /notebooks/testing-notebook.ipynb
[I 21:37:22.669 NotebookApp] Saving file at /notebooks/testing-notebook.ipynb
[I 21:39:22.668 NotebookApp] Saving file at /notebooks/testing-notebook.ipynb
[I 23:07:21.957 NotebookApp] Saving file at /notebooks/testing-notebook.ipynb
[I 23:08:57.019 NotebookApp] Starting buffering for 5ca54477-f3f7-4e78-aeae-d6be11fbf3ed:319c1ea05f2746e49a847876797f976c
[I 23:09:00.347 NotebookApp] Kernel restarted: 5ca54477-f3f7-4e78-aeae-d6be11fbf3ed
[I 23:09:00.494 NotebookApp] Restoring connection for 5ca54477-f3f7-4e78-aeae-d6be11fbf3ed:319c1ea05f2746e49a847876797f976c
[I 23:09:00.494 NotebookApp] Replaying 2 buffered messages
[I 23:09:22.157 NotebookApp] Saving file at /notebooks/testing-notebook.ipynb
[I 23:11:22.290 NotebookApp] Saving file at /notebooks/testing-notebook.ipynb
[I 23:13:23.960 NotebookApp] Kernel interrupted: 5ca54477-f3f7-4e78-aeae-d6be11fbf3ed
[I 23:13:28.005 NotebookApp] Kernel interrupted: 5ca54477-f3f7-4e78-aeae-d6be11fbf3ed
[I 23:13:31.714 NotebookApp] Saving file at /notebooks/testing-notebook.ipynb
[I 23:13:51.038 NotebookApp] Starting buffering for 5ca54477-f3f7-4e78-aeae-d6be11fbf3ed:319c1ea05f2746e49a847876797f976c
[I 23:13:51.352 NotebookApp] Kernel shutdown: 5ca54477-f3f7-4e78-aeae-d6be11fbf3ed
[I 23:13:53.742 NotebookApp] Saving file at /notebooks/testing-notebook.ipynb
