[I 14:31:16.731 NotebookApp] [nb_conda_kernels] enabled, 12 kernels found
[I 14:31:17.039 NotebookApp] Authentication of /metrics is OFF, since other authentication is disabled.
[W 14:31:19.760 NotebookApp] All authentication is disabled.  Anyone who can connect to this server will be able to run code.
[W 2023-03-05 14:31:23.647 LabApp] Config option `kernel_spec_manager_class` not recognized by `LabApp`.
[W 2023-03-05 14:31:23.652 LabApp] 'ip' has moved from NotebookApp to ServerApp. This config will be passed to ServerApp. Be sure to update your config before our next release.
[W 2023-03-05 14:31:23.652 LabApp] 'port' has moved from NotebookApp to ServerApp. This config will be passed to ServerApp. Be sure to update your config before our next release.
[W 2023-03-05 14:31:23.652 LabApp] 'token' has moved from NotebookApp to ServerApp. This config will be passed to ServerApp. Be sure to update your config before our next release.
[W 2023-03-05 14:31:23.652 LabApp] 'password' has moved from NotebookApp to ServerApp. This config will be passed to ServerApp. Be sure to update your config before our next release.
[W 2023-03-05 14:31:23.652 LabApp] 'password' has moved from NotebookApp to ServerApp. This config will be passed to ServerApp. Be sure to update your config before our next release.
[W 2023-03-05 14:31:23.652 LabApp] 'password' has moved from NotebookApp to ServerApp. This config will be passed to ServerApp. Be sure to update your config before our next release.
[W 2023-03-05 14:31:23.653 LabApp] Config option `kernel_spec_manager_class` not recognized by `LabApp`.
[W 2023-03-05 14:31:23.660 LabApp] Config option `kernel_spec_manager_class` not recognized by `LabApp`.
[I 2023-03-05 14:31:23.662 LabApp] JupyterLab extension loaded from /om/user/leokoz8/envs/rnns-of-rnns-env/lib/python3.8/site-packages/jupyterlab
[I 2023-03-05 14:31:23.662 LabApp] JupyterLab application directory is /om/user/leokoz8/envs/rnns-of-rnns-env/share/jupyter/lab
[I 14:31:23.667 NotebookApp] Serving notebooks from local directory: /rdma/vast-rdma/vast/fiete/leokoz8/code/rnns-of-rnns
[I 14:31:23.668 NotebookApp] Jupyter Notebook 6.3.0 is running at:
[I 14:31:23.668 NotebookApp] http://node092:9000/
[I 14:31:23.668 NotebookApp] Use Control-C to stop this server and shut down all kernels (twice to skip confirmation).
[I 14:39:55.127 NotebookApp] 302 GET / (172.16.24.254) 1.090000ms
/om/user/leokoz8/envs/rnns-of-rnns-env/lib/python3.8/json/encoder.py:257: UserWarning: date_default is deprecated since jupyter_client 7.0.0. Use jupyter_client.jsonutil.json_default.
  return _iterencode(o, 0)
[W 14:40:08.443 NotebookApp] Notebook notebooks/testing-notebook.ipynb is not trusted
Exception in callback <TaskWakeupMethWrapper object at 0x2b93df89b8b0>(<Future finis...late\r\n\r\n'>)
handle: <Handle <TaskWakeupMethWrapper object at 0x2b93df89b8b0>(<Future finis...late\r\n\r\n'>)>
Traceback (most recent call last):
  File "/om/user/leokoz8/envs/rnns-of-rnns-env/lib/python3.8/asyncio/events.py", line 81, in _run
    self._context.run(self._callback, *self._args)
RuntimeError: Cannot enter into task <Task pending name='Task-11' coro=<HTTP1ServerConnection._server_request_loop() running at /om/user/leokoz8/envs/rnns-of-rnns-env/lib/python3.8/site-packages/tornado/http1connection.py:825> wait_for=<Future finished result=b'GET /kernel...flate\r\n\r\n'> cb=[IOLoop.add_future.<locals>.<lambda>() at /om/user/leokoz8/envs/rnns-of-rnns-env/lib/python3.8/site-packages/tornado/ioloop.py:687]> while another task <Task pending name='Task-2' coro=<KernelManager._async_start_kernel() running at /om/user/leokoz8/envs/rnns-of-rnns-env/lib/python3.8/site-packages/jupyter_client/manager.py:71>> is being executed.
Exception in callback <TaskWakeupMethWrapper object at 0x2b93df81c580>(<Future finis...late\r\n\r\n'>)
handle: <Handle <TaskWakeupMethWrapper object at 0x2b93df81c580>(<Future finis...late\r\n\r\n'>)>
Traceback (most recent call last):
  File "/om/user/leokoz8/envs/rnns-of-rnns-env/lib/python3.8/asyncio/events.py", line 81, in _run
    self._context.run(self._callback, *self._args)
RuntimeError: Cannot enter into task <Task pending name='Task-12' coro=<HTTP1ServerConnection._server_request_loop() running at /om/user/leokoz8/envs/rnns-of-rnns-env/lib/python3.8/site-packages/tornado/http1connection.py:825> wait_for=<Future finished result=b'GET /api/co...flate\r\n\r\n'> cb=[IOLoop.add_future.<locals>.<lambda>() at /om/user/leokoz8/envs/rnns-of-rnns-env/lib/python3.8/site-packages/tornado/ioloop.py:687]> while another task <Task pending name='Task-2' coro=<KernelManager._async_start_kernel() running at /om/user/leokoz8/envs/rnns-of-rnns-env/lib/python3.8/site-packages/jupyter_client/manager.py:71>> is being executed.
[I 14:40:09.067 NotebookApp] Kernel started: c075bf5c-78c4-4d7d-a944-b812fe20353b, name: conda-env-leokoz8-rnns-of-rnns-env-py
/om/user/leokoz8/envs/rnns-of-rnns-env/lib/python3.8/json/encoder.py:257: UserWarning: date_default is deprecated since jupyter_client 7.0.0. Use jupyter_client.jsonutil.json_default.
  return _iterencode(o, 0)
[I 14:40:18.134 NotebookApp] Copying notebooks/testing-notebook.ipynb to /notebooks
[W 14:40:18.146 NotebookApp] Notebook notebooks/testing-notebook.ipynb is not trusted
[W 14:40:18.150 NotebookApp] Notebook notebooks/testing-notebook-Copy1.ipynb is not trusted
[I 14:40:36.923 NotebookApp] Kernel shutdown: c075bf5c-78c4-4d7d-a944-b812fe20353b
[I 14:40:36.990 NotebookApp] Starting buffering for c075bf5c-78c4-4d7d-a944-b812fe20353b:7686852444ba429a8c659da2aeefe495
Exception in callback <TaskWakeupMethWrapper object at 0x2b93dfd2aac0>(<Future finis...late\r\n\r\n'>)
handle: <Handle <TaskWakeupMethWrapper object at 0x2b93dfd2aac0>(<Future finis...late\r\n\r\n'>)>
Traceback (most recent call last):
  File "/om/user/leokoz8/envs/rnns-of-rnns-env/lib/python3.8/asyncio/events.py", line 81, in _run
    self._context.run(self._callback, *self._args)
RuntimeError: Cannot enter into task <Task pending name='Task-7' coro=<HTTP1ServerConnection._server_request_loop() running at /om/user/leokoz8/envs/rnns-of-rnns-env/lib/python3.8/site-packages/tornado/http1connection.py:825> wait_for=<Future finished result=b'DELETE /api...flate\r\n\r\n'> cb=[IOLoop.add_future.<locals>.<lambda>() at /om/user/leokoz8/envs/rnns-of-rnns-env/lib/python3.8/site-packages/tornado/ioloop.py:687]> while another task <Task pending name='Task-47' coro=<KernelManager._async_shutdown_kernel() running at /om/user/leokoz8/envs/rnns-of-rnns-env/lib/python3.8/site-packages/jupyter_client/manager.py:71>> is being executed.
[W 14:40:40.054 NotebookApp] Notebook notebooks/neurogym_testing.ipynb is not trusted
Exception in callback <TaskWakeupMethWrapper object at 0x2b93dffb6c70>(<Future finished result=None>)
handle: <Handle <TaskWakeupMethWrapper object at 0x2b93dffb6c70>(<Future finished result=None>)>
Traceback (most recent call last):
  File "/om/user/leokoz8/envs/rnns-of-rnns-env/lib/python3.8/asyncio/events.py", line 81, in _run
    self._context.run(self._callback, *self._args)
RuntimeError: Cannot enter into task <Task pending name='Task-9' coro=<HTTP1ServerConnection._server_request_loop() running at /om/user/leokoz8/envs/rnns-of-rnns-env/lib/python3.8/site-packages/tornado/http1connection.py:825> wait_for=<Future finished result=None> cb=[IOLoop.add_future.<locals>.<lambda>() at /om/user/leokoz8/envs/rnns-of-rnns-env/lib/python3.8/site-packages/tornado/ioloop.py:687]> while another task <Task pending name='Task-85' coro=<MappingKernelManager.start_kernel() running at /om/user/leokoz8/envs/rnns-of-rnns-env/lib/python3.8/site-packages/notebook/services/kernels/kernelmanager.py:176> cb=[IOLoop.add_future.<locals>.<lambda>() at /om/user/leokoz8/envs/rnns-of-rnns-env/lib/python3.8/site-packages/tornado/ioloop.py:694]> is being executed.
[I 14:40:40.505 NotebookApp] Kernel started: cfd2b6a4-44d3-4fef-9a4f-dea34260ca0c, name: conda-env-leokoz8-rnns-of-rnns-env-py
[I 14:42:41.190 NotebookApp] Saving file at /notebooks/neurogym_testing.ipynb
[W 14:42:41.192 NotebookApp] Notebook notebooks/neurogym_testing.ipynb is not trusted
[I 14:46:41.150 NotebookApp] Saving file at /notebooks/neurogym_testing.ipynb
[W 14:46:41.151 NotebookApp] Notebook notebooks/neurogym_testing.ipynb is not trusted
[I 14:48:41.152 NotebookApp] Saving file at /notebooks/neurogym_testing.ipynb
[W 14:48:41.153 NotebookApp] Notebook notebooks/neurogym_testing.ipynb is not trusted
[I 14:54:40.595 NotebookApp] Saving file at /notebooks/neurogym_testing.ipynb
[W 14:54:40.596 NotebookApp] Notebook notebooks/neurogym_testing.ipynb is not trusted
[I 15:22:40.635 NotebookApp] Saving file at /notebooks/neurogym_testing.ipynb
[W 15:22:40.637 NotebookApp] Notebook notebooks/neurogym_testing.ipynb is not trusted
[W 15:23:01.652 NotebookApp] Notebook notebooks/testing-notebook.ipynb is not trusted
[I 15:23:02.155 NotebookApp] Kernel started: 54604a23-c659-4223-9a4a-090edc817dab, name: conda-env-leokoz8-rnns-of-rnns-env-py
[I 15:23:22.190 NotebookApp] Starting buffering for 54604a23-c659-4223-9a4a-090edc817dab:2ca141837770476ab0e9cb946586f0ab
[I 15:24:40.563 NotebookApp] Saving file at /notebooks/neurogym_testing.ipynb
[W 15:24:40.564 NotebookApp] Notebook notebooks/neurogym_testing.ipynb is not trusted
[I 15:26:40.583 NotebookApp] Saving file at /notebooks/neurogym_testing.ipynb
[W 15:26:40.584 NotebookApp] Notebook notebooks/neurogym_testing.ipynb is not trusted
[I 15:28:40.588 NotebookApp] Saving file at /notebooks/neurogym_testing.ipynb
[W 15:28:40.589 NotebookApp] Notebook notebooks/neurogym_testing.ipynb is not trusted
[I 15:30:40.575 NotebookApp] Saving file at /notebooks/neurogym_testing.ipynb
[W 15:30:40.576 NotebookApp] Notebook notebooks/neurogym_testing.ipynb is not trusted
[I 15:32:40.614 NotebookApp] Saving file at /notebooks/neurogym_testing.ipynb
[W 15:32:40.615 NotebookApp] Notebook notebooks/neurogym_testing.ipynb is not trusted
[I 15:40:40.611 NotebookApp] Saving file at /notebooks/neurogym_testing.ipynb
[W 15:40:40.612 NotebookApp] Notebook notebooks/neurogym_testing.ipynb is not trusted
[I 15:42:40.579 NotebookApp] Saving file at /notebooks/neurogym_testing.ipynb
[W 15:42:40.580 NotebookApp] Notebook notebooks/neurogym_testing.ipynb is not trusted
[I 15:44:40.587 NotebookApp] Saving file at /notebooks/neurogym_testing.ipynb
[W 15:44:40.588 NotebookApp] Notebook notebooks/neurogym_testing.ipynb is not trusted
[I 15:46:40.579 NotebookApp] Saving file at /notebooks/neurogym_testing.ipynb
[I 15:48:40.575 NotebookApp] Saving file at /notebooks/neurogym_testing.ipynb
[I 15:54:40.575 NotebookApp] Saving file at /notebooks/neurogym_testing.ipynb
[I 15:56:40.572 NotebookApp] Saving file at /notebooks/neurogym_testing.ipynb
[I 15:58:40.592 NotebookApp] Saving file at /notebooks/neurogym_testing.ipynb
[I 16:00:08.693 NotebookApp] Kernel shutdown: 54604a23-c659-4223-9a4a-090edc817dab
[I 16:00:40.581 NotebookApp] Saving file at /notebooks/neurogym_testing.ipynb
[I 16:01:19.569 NotebookApp] Kernel interrupted: cfd2b6a4-44d3-4fef-9a4f-dea34260ca0c
[I 16:02:40.586 NotebookApp] Saving file at /notebooks/neurogym_testing.ipynb
[I 16:04:40.564 NotebookApp] Saving file at /notebooks/neurogym_testing.ipynb
[I 16:06:40.575 NotebookApp] Saving file at /notebooks/neurogym_testing.ipynb
[I 16:08:40.599 NotebookApp] Saving file at /notebooks/neurogym_testing.ipynb
[I 16:58:40.614 NotebookApp] Saving file at /notebooks/neurogym_testing.ipynb
[I 17:00:40.598 NotebookApp] Saving file at /notebooks/neurogym_testing.ipynb
[I 17:04:40.586 NotebookApp] Saving file at /notebooks/neurogym_testing.ipynb
[I 17:10:40.599 NotebookApp] Saving file at /notebooks/neurogym_testing.ipynb
[I 17:12:40.598 NotebookApp] Saving file at /notebooks/neurogym_testing.ipynb
[I 17:24:40.593 NotebookApp] Saving file at /notebooks/neurogym_testing.ipynb
[I 17:26:40.611 NotebookApp] Saving file at /notebooks/neurogym_testing.ipynb
[I 17:28:40.597 NotebookApp] Saving file at /notebooks/neurogym_testing.ipynb
[I 17:30:40.608 NotebookApp] Saving file at /notebooks/neurogym_testing.ipynb
[I 17:32:40.603 NotebookApp] Saving file at /notebooks/neurogym_testing.ipynb
[I 17:34:40.607 NotebookApp] Saving file at /notebooks/neurogym_testing.ipynb
[I 17:35:37.764 NotebookApp] Kernel interrupted: cfd2b6a4-44d3-4fef-9a4f-dea34260ca0c
[I 17:36:40.588 NotebookApp] Saving file at /notebooks/neurogym_testing.ipynb
[I 17:36:58.249 NotebookApp] Kernel interrupted: cfd2b6a4-44d3-4fef-9a4f-dea34260ca0c
[I 17:38:41.193 NotebookApp] Saving file at /notebooks/neurogym_testing.ipynb
[I 17:40:07.044 NotebookApp] Kernel interrupted: cfd2b6a4-44d3-4fef-9a4f-dea34260ca0c
[I 17:40:40.612 NotebookApp] Saving file at /notebooks/neurogym_testing.ipynb
[I 17:40:51.000 NotebookApp] Saving file at /notebooks/neurogym_testing.ipynb
[I 17:42:40.603 NotebookApp] Saving file at /notebooks/neurogym_testing.ipynb
[I 17:43:35.659 NotebookApp] Kernel interrupted: cfd2b6a4-44d3-4fef-9a4f-dea34260ca0c
[I 17:44:40.588 NotebookApp] Saving file at /notebooks/neurogym_testing.ipynb
[I 17:46:41.202 NotebookApp] Saving file at /notebooks/neurogym_testing.ipynb
[I 17:48:40.610 NotebookApp] Saving file at /notebooks/neurogym_testing.ipynb
[I 17:50:21.625 NotebookApp] Kernel interrupted: cfd2b6a4-44d3-4fef-9a4f-dea34260ca0c
[I 17:50:41.217 NotebookApp] Saving file at /notebooks/neurogym_testing.ipynb
[I 17:52:40.621 NotebookApp] Saving file at /notebooks/neurogym_testing.ipynb
[I 17:54:41.204 NotebookApp] Saving file at /notebooks/neurogym_testing.ipynb
[I 17:56:40.610 NotebookApp] Saving file at /notebooks/neurogym_testing.ipynb
[I 17:58:40.613 NotebookApp] Saving file at /notebooks/neurogym_testing.ipynb
[I 18:00:40.624 NotebookApp] Saving file at /notebooks/neurogym_testing.ipynb
[I 18:02:40.636 NotebookApp] Saving file at /notebooks/neurogym_testing.ipynb
[I 18:04:41.214 NotebookApp] Saving file at /notebooks/neurogym_testing.ipynb
[I 18:06:41.229 NotebookApp] Saving file at /notebooks/neurogym_testing.ipynb
[I 18:08:41.242 NotebookApp] Saving file at /notebooks/neurogym_testing.ipynb
[I 18:10:41.250 NotebookApp] Saving file at /notebooks/neurogym_testing.ipynb
[I 18:12:40.696 NotebookApp] Saving file at /notebooks/neurogym_testing.ipynb
[I 18:14:41.239 NotebookApp] Saving file at /notebooks/neurogym_testing.ipynb
[I 18:16:40.635 NotebookApp] Saving file at /notebooks/neurogym_testing.ipynb
[I 18:18:41.302 NotebookApp] Saving file at /notebooks/neurogym_testing.ipynb
[I 18:20:40.619 NotebookApp] Saving file at /notebooks/neurogym_testing.ipynb
[I 18:22:41.303 NotebookApp] Saving file at /notebooks/neurogym_testing.ipynb
[I 18:24:40.687 NotebookApp] Saving file at /notebooks/neurogym_testing.ipynb
[I 18:26:40.640 NotebookApp] Saving file at /notebooks/neurogym_testing.ipynb
[I 18:28:40.654 NotebookApp] Saving file at /notebooks/neurogym_testing.ipynb
[I 18:30:40.653 NotebookApp] Saving file at /notebooks/neurogym_testing.ipynb
[I 18:32:41.271 NotebookApp] Saving file at /notebooks/neurogym_testing.ipynb
[I 18:34:41.235 NotebookApp] Saving file at /notebooks/neurogym_testing.ipynb
[I 18:36:41.275 NotebookApp] Saving file at /notebooks/neurogym_testing.ipynb
[I 18:38:41.397 NotebookApp] Saving file at /notebooks/neurogym_testing.ipynb
[I 18:40:41.256 NotebookApp] Saving file at /notebooks/neurogym_testing.ipynb
[I 18:41:39.417 NotebookApp] Kernel interrupted: cfd2b6a4-44d3-4fef-9a4f-dea34260ca0c
[I 18:42:41.299 NotebookApp] Saving file at /notebooks/neurogym_testing.ipynb
[I 18:43:24.439 NotebookApp] Kernel interrupted: cfd2b6a4-44d3-4fef-9a4f-dea34260ca0c
[I 18:44:40.193 NotebookApp] Kernel interrupted: cfd2b6a4-44d3-4fef-9a4f-dea34260ca0c
[I 18:44:40.710 NotebookApp] Saving file at /notebooks/neurogym_testing.ipynb
[I 18:46:41.378 NotebookApp] Saving file at /notebooks/neurogym_testing.ipynb
[I 18:48:41.324 NotebookApp] Saving file at /notebooks/neurogym_testing.ipynb
[I 18:50:41.266 NotebookApp] Saving file at /notebooks/neurogym_testing.ipynb
[I 18:52:41.249 NotebookApp] Saving file at /notebooks/neurogym_testing.ipynb
[I 18:53:37.587 NotebookApp] Kernel interrupted: cfd2b6a4-44d3-4fef-9a4f-dea34260ca0c
[I 18:54:41.246 NotebookApp] Saving file at /notebooks/neurogym_testing.ipynb
[I 18:56:41.344 NotebookApp] Saving file at /notebooks/neurogym_testing.ipynb
[I 18:58:41.292 NotebookApp] Saving file at /notebooks/neurogym_testing.ipynb
[I 19:00:41.367 NotebookApp] Saving file at /notebooks/neurogym_testing.ipynb
[I 19:02:41.277 NotebookApp] Saving file at /notebooks/neurogym_testing.ipynb
[I 19:04:41.388 NotebookApp] Saving file at /notebooks/neurogym_testing.ipynb
[I 19:06:40.744 NotebookApp] Saving file at /notebooks/neurogym_testing.ipynb
[I 19:08:40.643 NotebookApp] Saving file at /notebooks/neurogym_testing.ipynb
[I 19:10:41.324 NotebookApp] Saving file at /notebooks/neurogym_testing.ipynb
[I 19:12:41.243 NotebookApp] Saving file at /notebooks/neurogym_testing.ipynb
[I 19:14:40.302 NotebookApp] Kernel interrupted: cfd2b6a4-44d3-4fef-9a4f-dea34260ca0c
[I 19:14:40.728 NotebookApp] Saving file at /notebooks/neurogym_testing.ipynb
[I 19:16:41.282 NotebookApp] Saving file at /notebooks/neurogym_testing.ipynb
[I 19:20:40.733 NotebookApp] Saving file at /notebooks/neurogym_testing.ipynb
[I 19:22:08.317 NotebookApp] Kernel interrupted: cfd2b6a4-44d3-4fef-9a4f-dea34260ca0c
[I 19:22:41.487 NotebookApp] Saving file at /notebooks/neurogym_testing.ipynb
[I 19:24:08.982 NotebookApp] Kernel interrupted: cfd2b6a4-44d3-4fef-9a4f-dea34260ca0c
[I 19:24:41.352 NotebookApp] Saving file at /notebooks/neurogym_testing.ipynb
[I 19:26:31.763 NotebookApp] Kernel interrupted: cfd2b6a4-44d3-4fef-9a4f-dea34260ca0c
[I 19:26:41.344 NotebookApp] Saving file at /notebooks/neurogym_testing.ipynb
[I 19:28:41.365 NotebookApp] Saving file at /notebooks/neurogym_testing.ipynb
[I 19:30:41.272 NotebookApp] Saving file at /notebooks/neurogym_testing.ipynb
[I 19:32:41.250 NotebookApp] Saving file at /notebooks/neurogym_testing.ipynb
[I 19:34:41.258 NotebookApp] Saving file at /notebooks/neurogym_testing.ipynb
[I 19:35:38.443 NotebookApp] Kernel interrupted: cfd2b6a4-44d3-4fef-9a4f-dea34260ca0c
[I 19:36:40.709 NotebookApp] Saving file at /notebooks/neurogym_testing.ipynb
[I 19:38:41.445 NotebookApp] Saving file at /notebooks/neurogym_testing.ipynb
[I 19:40:41.255 NotebookApp] Saving file at /notebooks/neurogym_testing.ipynb
[I 19:42:41.255 NotebookApp] Saving file at /notebooks/neurogym_testing.ipynb
[I 19:44:41.365 NotebookApp] Saving file at /notebooks/neurogym_testing.ipynb
[I 19:46:41.282 NotebookApp] Saving file at /notebooks/neurogym_testing.ipynb
[I 19:48:41.284 NotebookApp] Saving file at /notebooks/neurogym_testing.ipynb
[I 19:50:41.312 NotebookApp] Saving file at /notebooks/neurogym_testing.ipynb
[I 19:52:41.306 NotebookApp] Saving file at /notebooks/neurogym_testing.ipynb
[I 19:54:41.355 NotebookApp] Saving file at /notebooks/neurogym_testing.ipynb
[I 19:56:41.338 NotebookApp] Saving file at /notebooks/neurogym_testing.ipynb
[I 19:58:41.287 NotebookApp] Saving file at /notebooks/neurogym_testing.ipynb
[I 20:00:41.318 NotebookApp] Saving file at /notebooks/neurogym_testing.ipynb
[I 20:02:41.366 NotebookApp] Saving file at /notebooks/neurogym_testing.ipynb
[I 20:04:39.300 NotebookApp] Kernel interrupted: cfd2b6a4-44d3-4fef-9a4f-dea34260ca0c
[I 20:04:40.693 NotebookApp] Saving file at /notebooks/neurogym_testing.ipynb
[I 20:06:18.826 NotebookApp] Starting buffering for cfd2b6a4-44d3-4fef-9a4f-dea34260ca0c:507b544a2be04e0f86e0513fc0931aac
[I 20:06:21.916 NotebookApp] Kernel restarted: cfd2b6a4-44d3-4fef-9a4f-dea34260ca0c
[I 20:06:22.151 NotebookApp] Restoring connection for cfd2b6a4-44d3-4fef-9a4f-dea34260ca0c:507b544a2be04e0f86e0513fc0931aac
[W 20:06:26.662 NotebookApp] Nudge: attempt 10 on kernel cfd2b6a4-44d3-4fef-9a4f-dea34260ca0c
[I 20:06:30.731 NotebookApp] Replaying 3 buffered messages
[I 20:06:40.722 NotebookApp] Saving file at /notebooks/neurogym_testing.ipynb
[I 20:08:40.684 NotebookApp] Saving file at /notebooks/neurogym_testing.ipynb
[I 20:10:40.720 NotebookApp] Saving file at /notebooks/neurogym_testing.ipynb
[I 20:12:41.367 NotebookApp] Saving file at /notebooks/neurogym_testing.ipynb
[I 20:13:14.929 NotebookApp] Kernel interrupted: cfd2b6a4-44d3-4fef-9a4f-dea34260ca0c
[I 20:14:29.826 NotebookApp] Kernel interrupted: cfd2b6a4-44d3-4fef-9a4f-dea34260ca0c
[I 20:14:40.681 NotebookApp] Saving file at /notebooks/neurogym_testing.ipynb
[I 20:15:20.939 NotebookApp] Kernel interrupted: cfd2b6a4-44d3-4fef-9a4f-dea34260ca0c
[I 20:16:40.641 NotebookApp] Saving file at /notebooks/neurogym_testing.ipynb
[I 20:18:41.330 NotebookApp] Saving file at /notebooks/neurogym_testing.ipynb
[I 20:19:27.342 NotebookApp] Kernel interrupted: cfd2b6a4-44d3-4fef-9a4f-dea34260ca0c
[I 20:20:41.495 NotebookApp] Saving file at /notebooks/neurogym_testing.ipynb
[I 20:22:41.327 NotebookApp] Saving file at /notebooks/neurogym_testing.ipynb
[I 20:24:41.277 NotebookApp] Saving file at /notebooks/neurogym_testing.ipynb
[I 20:26:41.337 NotebookApp] Saving file at /notebooks/neurogym_testing.ipynb
[I 20:27:40.828 NotebookApp] Kernel interrupted: cfd2b6a4-44d3-4fef-9a4f-dea34260ca0c
[I 20:27:58.666 NotebookApp] Kernel interrupted: cfd2b6a4-44d3-4fef-9a4f-dea34260ca0c
[I 20:28:41.362 NotebookApp] Saving file at /notebooks/neurogym_testing.ipynb
[I 20:30:41.298 NotebookApp] Saving file at /notebooks/neurogym_testing.ipynb
[I 20:32:40.698 NotebookApp] Saving file at /notebooks/neurogym_testing.ipynb
[I 20:32:56.647 NotebookApp] Kernel interrupted: cfd2b6a4-44d3-4fef-9a4f-dea34260ca0c
[I 20:34:41.433 NotebookApp] Saving file at /notebooks/neurogym_testing.ipynb
[I 20:36:09.604 NotebookApp] Kernel interrupted: cfd2b6a4-44d3-4fef-9a4f-dea34260ca0c
[I 20:36:41.329 NotebookApp] Saving file at /notebooks/neurogym_testing.ipynb
[I 20:38:09.082 NotebookApp] Kernel interrupted: cfd2b6a4-44d3-4fef-9a4f-dea34260ca0c
[I 20:38:41.394 NotebookApp] Saving file at /notebooks/neurogym_testing.ipynb
[I 20:40:41.316 NotebookApp] Saving file at /notebooks/neurogym_testing.ipynb
[I 20:42:41.289 NotebookApp] Saving file at /notebooks/neurogym_testing.ipynb
[I 20:44:40.562 NotebookApp] Saving file at /notebooks/neurogym_testing.ipynb
[I 20:44:40.910 NotebookApp] Saving file at /notebooks/neurogym_testing.ipynb
[I 20:44:43.393 NotebookApp] Starting buffering for cfd2b6a4-44d3-4fef-9a4f-dea34260ca0c:507b544a2be04e0f86e0513fc0931aac
slurmstepd: error: *** JOB 29634694 ON node092 CANCELLED AT 2023-03-05T20:46:30 ***
