[I 09:28:17.777 NotebookApp] [nb_conda_kernels] enabled, 12 kernels found
[I 09:28:18.085 NotebookApp] Authentication of /metrics is OFF, since other authentication is disabled.
[W 09:28:22.011 NotebookApp] All authentication is disabled.  Anyone who can connect to this server will be able to run code.
[W 2023-03-27 09:28:26.982 LabApp] Config option `kernel_spec_manager_class` not recognized by `LabApp`.
[W 2023-03-27 09:28:26.990 LabApp] 'ip' has moved from NotebookApp to ServerApp. This config will be passed to ServerApp. Be sure to update your config before our next release.
[W 2023-03-27 09:28:26.990 LabApp] 'port' has moved from NotebookApp to ServerApp. This config will be passed to ServerApp. Be sure to update your config before our next release.
[W 2023-03-27 09:28:26.991 LabApp] 'token' has moved from NotebookApp to ServerApp. This config will be passed to ServerApp. Be sure to update your config before our next release.
[W 2023-03-27 09:28:26.991 LabApp] 'password' has moved from NotebookApp to ServerApp. This config will be passed to ServerApp. Be sure to update your config before our next release.
[W 2023-03-27 09:28:26.991 LabApp] 'password' has moved from NotebookApp to ServerApp. This config will be passed to ServerApp. Be sure to update your config before our next release.
[W 2023-03-27 09:28:26.991 LabApp] 'password' has moved from NotebookApp to ServerApp. This config will be passed to ServerApp. Be sure to update your config before our next release.
[W 2023-03-27 09:28:26.993 LabApp] Config option `kernel_spec_manager_class` not recognized by `LabApp`.
[W 2023-03-27 09:28:27.007 LabApp] Config option `kernel_spec_manager_class` not recognized by `LabApp`.
[I 2023-03-27 09:28:27.011 LabApp] JupyterLab extension loaded from /om/user/leokoz8/envs/rnns-of-rnns-env/lib/python3.8/site-packages/jupyterlab
[I 2023-03-27 09:28:27.011 LabApp] JupyterLab application directory is /om/user/leokoz8/envs/rnns-of-rnns-env/share/jupyter/lab
[I 09:28:27.021 NotebookApp] Serving notebooks from local directory: /rdma/vast-rdma/vast/fiete/leokoz8/code/rnns-of-rnns
[I 09:28:27.022 NotebookApp] Jupyter Notebook 6.3.0 is running at:
[I 09:28:27.022 NotebookApp] http://node033:9000/
[I 09:28:27.022 NotebookApp] Use Control-C to stop this server and shut down all kernels (twice to skip confirmation).
[I 09:32:19.000 NotebookApp] 302 GET / (172.16.24.254) 1.180000ms
/om/user/leokoz8/envs/rnns-of-rnns-env/lib/python3.8/json/encoder.py:257: UserWarning: date_default is deprecated since jupyter_client 7.0.0. Use jupyter_client.jsonutil.json_default.
  return _iterencode(o, 0)
Exception in callback <TaskWakeupMethWrapper object at 0x2b21c92425b0>(<Future finis...late\r\n\r\n'>)
handle: <Handle <TaskWakeupMethWrapper object at 0x2b21c92425b0>(<Future finis...late\r\n\r\n'>)>
Traceback (most recent call last):
  File "/om/user/leokoz8/envs/rnns-of-rnns-env/lib/python3.8/asyncio/events.py", line 81, in _run
    self._context.run(self._callback, *self._args)
RuntimeError: Cannot enter into task <Task pending name='Task-2' coro=<HTTP1ServerConnection._server_request_loop() running at /om/user/leokoz8/envs/rnns-of-rnns-env/lib/python3.8/site-packages/tornado/http1connection.py:825> wait_for=<Future finished result=b'GET /api/co...flate\r\n\r\n'> cb=[IOLoop.add_future.<locals>.<lambda>() at /om/user/leokoz8/envs/rnns-of-rnns-env/lib/python3.8/site-packages/tornado/ioloop.py:687]> while another task <Task pending name='Task-2' coro=<KernelManager._async_start_kernel() running at /om/user/leokoz8/envs/rnns-of-rnns-env/lib/python3.8/site-packages/jupyter_client/manager.py:71>> is being executed.
Exception in callback <TaskWakeupMethWrapper object at 0x2b21c928f520>(<Future finis...late\r\n\r\n'>)
handle: <Handle <TaskWakeupMethWrapper object at 0x2b21c928f520>(<Future finis...late\r\n\r\n'>)>
Traceback (most recent call last):
  File "/om/user/leokoz8/envs/rnns-of-rnns-env/lib/python3.8/asyncio/events.py", line 81, in _run
    self._context.run(self._callback, *self._args)
RuntimeError: Cannot enter into task <Task pending name='Task-12' coro=<HTTP1ServerConnection._server_request_loop() running at /om/user/leokoz8/envs/rnns-of-rnns-env/lib/python3.8/site-packages/tornado/http1connection.py:825> wait_for=<Future finished result=b'GET /kernel...flate\r\n\r\n'> cb=[IOLoop.add_future.<locals>.<lambda>() at /om/user/leokoz8/envs/rnns-of-rnns-env/lib/python3.8/site-packages/tornado/ioloop.py:687]> while another task <Task pending name='Task-2' coro=<KernelManager._async_start_kernel() running at /om/user/leokoz8/envs/rnns-of-rnns-env/lib/python3.8/site-packages/jupyter_client/manager.py:71>> is being executed.
[I 09:32:40.482 NotebookApp] Kernel started: 0f1eee18-b999-48fd-946f-679eb3c2c2dd, name: conda-env-leokoz8-rnns-of-rnns-env-py
/om/user/leokoz8/envs/rnns-of-rnns-env/lib/python3.8/json/encoder.py:257: UserWarning: date_default is deprecated since jupyter_client 7.0.0. Use jupyter_client.jsonutil.json_default.
  return _iterencode(o, 0)
[I 09:32:59.729 NotebookApp] Saving file at /notebooks/Loading Pretrained RNNs.ipynb
[I 09:34:40.379 NotebookApp] Saving file at /notebooks/Loading Pretrained RNNs.ipynb
[I 09:36:40.360 NotebookApp] Saving file at /notebooks/Loading Pretrained RNNs.ipynb
[I 09:38:40.359 NotebookApp] Saving file at /notebooks/Loading Pretrained RNNs.ipynb
[I 09:40:40.342 NotebookApp] Saving file at /notebooks/Loading Pretrained RNNs.ipynb
[I 09:42:40.347 NotebookApp] Saving file at /notebooks/Loading Pretrained RNNs.ipynb
[I 09:50:59.754 NotebookApp] Saving file at /notebooks/Loading Pretrained RNNs.ipynb
[I 09:52:40.891 NotebookApp] Saving file at /notebooks/Loading Pretrained RNNs.ipynb
[I 09:56:40.375 NotebookApp] Saving file at /notebooks/Loading Pretrained RNNs.ipynb
[I 09:58:40.393 NotebookApp] Saving file at /notebooks/Loading Pretrained RNNs.ipynb
[I 09:59:52.299 NotebookApp] Starting buffering for 0f1eee18-b999-48fd-946f-679eb3c2c2dd:3ca862f941fc4dac94c7393dbca86d21
[I 09:59:54.834 NotebookApp] Saving file at /notebooks/Loading Pretrained RNNs.ipynb
[I 09:59:55.383 NotebookApp] Kernel restarted: 0f1eee18-b999-48fd-946f-679eb3c2c2dd
[I 09:59:55.530 NotebookApp] Restoring connection for 0f1eee18-b999-48fd-946f-679eb3c2c2dd:3ca862f941fc4dac94c7393dbca86d21
[I 09:59:58.819 NotebookApp] Replaying 3 buffered messages
[I 10:00:40.401 NotebookApp] Saving file at /notebooks/Loading Pretrained RNNs.ipynb
[I 10:02:40.361 NotebookApp] Saving file at /notebooks/Loading Pretrained RNNs.ipynb
[I 10:04:40.355 NotebookApp] Saving file at /notebooks/Loading Pretrained RNNs.ipynb
[I 10:04:40.647 NotebookApp] Starting buffering for 0f1eee18-b999-48fd-946f-679eb3c2c2dd:3ca862f941fc4dac94c7393dbca86d21
[I 10:04:42.201 NotebookApp] Kernel restarted: 0f1eee18-b999-48fd-946f-679eb3c2c2dd
[I 10:04:42.354 NotebookApp] Restoring connection for 0f1eee18-b999-48fd-946f-679eb3c2c2dd:3ca862f941fc4dac94c7393dbca86d21
[I 10:04:44.869 NotebookApp] Replaying 3 buffered messages
[I 10:06:40.363 NotebookApp] Saving file at /notebooks/Loading Pretrained RNNs.ipynb
[I 10:08:40.361 NotebookApp] Saving file at /notebooks/Loading Pretrained RNNs.ipynb
[I 10:10:40.372 NotebookApp] Saving file at /notebooks/Loading Pretrained RNNs.ipynb
[I 10:12:40.381 NotebookApp] Saving file at /notebooks/Loading Pretrained RNNs.ipynb
[I 10:14:40.367 NotebookApp] Saving file at /notebooks/Loading Pretrained RNNs.ipynb
[I 10:16:40.370 NotebookApp] Saving file at /notebooks/Loading Pretrained RNNs.ipynb
[I 10:18:40.360 NotebookApp] Saving file at /notebooks/Loading Pretrained RNNs.ipynb
[I 10:20:40.369 NotebookApp] Saving file at /notebooks/Loading Pretrained RNNs.ipynb
[I 10:22:40.362 NotebookApp] Saving file at /notebooks/Loading Pretrained RNNs.ipynb
[I 10:24:40.372 NotebookApp] Saving file at /notebooks/Loading Pretrained RNNs.ipynb
[I 10:30:40.431 NotebookApp] Saving file at /notebooks/Loading Pretrained RNNs.ipynb
[I 10:32:40.373 NotebookApp] Saving file at /notebooks/Loading Pretrained RNNs.ipynb
[I 11:56:40.603 NotebookApp] Saving file at /notebooks/Loading Pretrained RNNs.ipynb
[I 11:58:40.426 NotebookApp] Saving file at /notebooks/Loading Pretrained RNNs.ipynb
[I 12:00:40.412 NotebookApp] Saving file at /notebooks/Loading Pretrained RNNs.ipynb
[I 12:01:45.590 NotebookApp] Kernel interrupted: 0f1eee18-b999-48fd-946f-679eb3c2c2dd
[I 12:01:49.735 NotebookApp] Saving file at /notebooks/Loading Pretrained RNNs.ipynb
[I 13:40:41.239 NotebookApp] Saving file at /notebooks/Loading Pretrained RNNs.ipynb
[I 13:42:40.443 NotebookApp] Saving file at /notebooks/Loading Pretrained RNNs.ipynb
[I 13:44:41.016 NotebookApp] Saving file at /notebooks/Loading Pretrained RNNs.ipynb
[I 13:46:41.000 NotebookApp] Saving file at /notebooks/Loading Pretrained RNNs.ipynb
[I 13:48:40.981 NotebookApp] Saving file at /notebooks/Loading Pretrained RNNs.ipynb
[I 13:50:40.993 NotebookApp] Saving file at /notebooks/Loading Pretrained RNNs.ipynb
[I 13:52:41.003 NotebookApp] Saving file at /notebooks/Loading Pretrained RNNs.ipynb
[I 13:54:41.001 NotebookApp] Saving file at /notebooks/Loading Pretrained RNNs.ipynb
[I 13:57:01.007 NotebookApp] Saving file at /notebooks/Loading Pretrained RNNs.ipynb
[I 13:58:41.006 NotebookApp] Saving file at /notebooks/Loading Pretrained RNNs.ipynb
[I 14:00:40.995 NotebookApp] Saving file at /notebooks/Loading Pretrained RNNs.ipynb
[I 14:02:40.993 NotebookApp] Saving file at /notebooks/Loading Pretrained RNNs.ipynb
[I 14:04:40.984 NotebookApp] Saving file at /notebooks/Loading Pretrained RNNs.ipynb
[I 14:05:43.981 NotebookApp] Saving file at /notebooks/Loading Pretrained RNNs.ipynb
[I 14:06:40.988 NotebookApp] Saving file at /notebooks/Loading Pretrained RNNs.ipynb
[I 14:08:40.992 NotebookApp] Saving file at /notebooks/Loading Pretrained RNNs.ipynb
[I 14:10:41.014 NotebookApp] Saving file at /notebooks/Loading Pretrained RNNs.ipynb
[I 14:12:41.003 NotebookApp] Saving file at /notebooks/Loading Pretrained RNNs.ipynb
[I 14:14:41.000 NotebookApp] Saving file at /notebooks/Loading Pretrained RNNs.ipynb
[I 14:16:41.170 NotebookApp] Saving file at /notebooks/Loading Pretrained RNNs.ipynb
[I 14:18:40.469 NotebookApp] Saving file at /notebooks/Loading Pretrained RNNs.ipynb
[I 14:20:40.997 NotebookApp] Saving file at /notebooks/Loading Pretrained RNNs.ipynb
[I 14:24:40.468 NotebookApp] Saving file at /notebooks/Loading Pretrained RNNs.ipynb
[I 14:26:40.459 NotebookApp] Saving file at /notebooks/Loading Pretrained RNNs.ipynb
[I 14:28:41.007 NotebookApp] Saving file at /notebooks/Loading Pretrained RNNs.ipynb
[I 14:30:40.477 NotebookApp] Saving file at /notebooks/Loading Pretrained RNNs.ipynb
[I 14:32:41.066 NotebookApp] Saving file at /notebooks/Loading Pretrained RNNs.ipynb
[I 14:34:41.007 NotebookApp] Saving file at /notebooks/Loading Pretrained RNNs.ipynb
[I 14:36:41.014 NotebookApp] Saving file at /notebooks/Loading Pretrained RNNs.ipynb
[I 14:38:41.005 NotebookApp] Saving file at /notebooks/Loading Pretrained RNNs.ipynb
[I 14:40:40.487 NotebookApp] Saving file at /notebooks/Loading Pretrained RNNs.ipynb
[I 14:42:40.620 NotebookApp] Saving file at /notebooks/Loading Pretrained RNNs.ipynb
[I 14:44:40.505 NotebookApp] Saving file at /notebooks/Loading Pretrained RNNs.ipynb
[I 14:46:40.542 NotebookApp] Saving file at /notebooks/Loading Pretrained RNNs.ipynb
[I 14:48:40.483 NotebookApp] Saving file at /notebooks/Loading Pretrained RNNs.ipynb
[I 14:50:41.022 NotebookApp] Saving file at /notebooks/Loading Pretrained RNNs.ipynb
[I 14:52:41.018 NotebookApp] Saving file at /notebooks/Loading Pretrained RNNs.ipynb
[I 14:54:41.013 NotebookApp] Saving file at /notebooks/Loading Pretrained RNNs.ipynb
[I 14:56:41.017 NotebookApp] Saving file at /notebooks/Loading Pretrained RNNs.ipynb
[I 14:58:41.024 NotebookApp] Saving file at /notebooks/Loading Pretrained RNNs.ipynb
[I 15:08:41.073 NotebookApp] Saving file at /notebooks/Loading Pretrained RNNs.ipynb
[I 17:44:40.641 NotebookApp] Saving file at /notebooks/Loading Pretrained RNNs.ipynb
[I 17:46:41.087 NotebookApp] Saving file at /notebooks/Loading Pretrained RNNs.ipynb
[I 17:48:41.104 NotebookApp] Saving file at /notebooks/Loading Pretrained RNNs.ipynb
[I 17:50:41.105 NotebookApp] Saving file at /notebooks/Loading Pretrained RNNs.ipynb
[I 17:52:41.108 NotebookApp] Saving file at /notebooks/Loading Pretrained RNNs.ipynb
[I 17:54:41.100 NotebookApp] Saving file at /notebooks/Loading Pretrained RNNs.ipynb
[I 17:56:41.110 NotebookApp] Saving file at /notebooks/Loading Pretrained RNNs.ipynb
[I 17:58:41.090 NotebookApp] Saving file at /notebooks/Loading Pretrained RNNs.ipynb
[I 18:01:01.099 NotebookApp] Saving file at /notebooks/Loading Pretrained RNNs.ipynb
[I 18:06:40.604 NotebookApp] Saving file at /notebooks/Loading Pretrained RNNs.ipynb
[I 18:08:40.566 NotebookApp] Saving file at /notebooks/Loading Pretrained RNNs.ipynb
[I 18:10:41.125 NotebookApp] Saving file at /notebooks/Loading Pretrained RNNs.ipynb
[I 18:12:40.557 NotebookApp] Saving file at /notebooks/Loading Pretrained RNNs.ipynb
[I 18:14:41.118 NotebookApp] Saving file at /notebooks/Loading Pretrained RNNs.ipynb
[I 18:16:40.571 NotebookApp] Saving file at /notebooks/Loading Pretrained RNNs.ipynb
[I 18:18:40.568 NotebookApp] Saving file at /notebooks/Loading Pretrained RNNs.ipynb
[I 18:20:40.573 NotebookApp] Saving file at /notebooks/Loading Pretrained RNNs.ipynb
[I 18:22:40.578 NotebookApp] Saving file at /notebooks/Loading Pretrained RNNs.ipynb
[I 18:24:41.138 NotebookApp] Saving file at /notebooks/Loading Pretrained RNNs.ipynb
[I 18:28:40.597 NotebookApp] Saving file at /notebooks/Loading Pretrained RNNs.ipynb
[I 18:29:55.247 NotebookApp] Kernel interrupted: 0f1eee18-b999-48fd-946f-679eb3c2c2dd
[I 18:29:55.347 NotebookApp] Saving file at /notebooks/Loading Pretrained RNNs.ipynb
[I 18:42:26.146 NotebookApp] Saving file at /notebooks/Loading Pretrained RNNs.ipynb
[I 18:54:56.290 NotebookApp] Saving file at /notebooks/Loading Pretrained RNNs.ipynb
[I 20:15:26.075 NotebookApp] Saving file at /notebooks/Loading Pretrained RNNs.ipynb
[I 20:49:03.591 NotebookApp] Starting buffering for 0f1eee18-b999-48fd-946f-679eb3c2c2dd:3ca862f941fc4dac94c7393dbca86d21
