Gradient step: 0 	 Performance: 0.08 	 Training loss: 3.22
Gradient step: 24 	 Performance: 0.055 	 Training loss: 41.29
Gradient step: 49 	 Performance: 0.08 	 Training loss: 21.94
Gradient step: 74 	 Performance: 0.07 	 Training loss: 20.14
Gradient step: 99 	 Performance: 0.075 	 Training loss: 18.60
Gradient step: 124 	 Performance: 0.17 	 Training loss: 17.35
Gradient step: 149 	 Performance: 0.22 	 Training loss: 16.86
Gradient step: 174 	 Performance: 0.195 	 Training loss: 15.63
Gradient step: 199 	 Performance: 0.12 	 Training loss: 15.03
Gradient step: 224 	 Performance: 0.25 	 Training loss: 14.54
Gradient step: 249 	 Performance: 0.21 	 Training loss: 13.86
Gradient step: 274 	 Performance: 0.305 	 Training loss: 12.89
Gradient step: 299 	 Performance: 0.395 	 Training loss: 12.86
Gradient step: 324 	 Performance: 0.3 	 Training loss: 11.68
Gradient step: 349 	 Performance: 0.485 	 Training loss: 11.08
Gradient step: 374 	 Performance: 0.385 	 Training loss: 10.39
Gradient step: 399 	 Performance: 0.425 	 Training loss: 9.98
Gradient step: 424 	 Performance: 0.515 	 Training loss: 9.56
Gradient step: 449 	 Performance: 0.505 	 Training loss: 9.18
Gradient step: 474 	 Performance: 0.665 	 Training loss: 8.46
Gradient step: 499 	 Performance: 0.6 	 Training loss: 8.35
Gradient step: 524 	 Performance: 0.655 	 Training loss: 7.86
Gradient step: 549 	 Performance: 0.68 	 Training loss: 7.72
Gradient step: 574 	 Performance: 0.6 	 Training loss: 7.02
Gradient step: 599 	 Performance: 0.68 	 Training loss: 6.89
Gradient step: 624 	 Performance: 0.69 	 Training loss: 6.91
Gradient step: 649 	 Performance: 0.725 	 Training loss: 6.70
Gradient step: 674 	 Performance: 0.665 	 Training loss: 6.32
Gradient step: 699 	 Performance: 0.73 	 Training loss: 6.45
Gradient step: 724 	 Performance: 0.715 	 Training loss: 6.41
Gradient step: 749 	 Performance: 0.675 	 Training loss: 6.04
Gradient step: 774 	 Performance: 0.655 	 Training loss: 6.36
Gradient step: 799 	 Performance: 0.735 	 Training loss: 5.99
Gradient step: 824 	 Performance: 0.78 	 Training loss: 5.70
Gradient step: 849 	 Performance: 0.73 	 Training loss: 5.56
Gradient step: 874 	 Performance: 0.725 	 Training loss: 5.96
Gradient step: 899 	 Performance: 0.8 	 Training loss: 5.67
Gradient step: 924 	 Performance: 0.75 	 Training loss: 5.82
Gradient step: 949 	 Performance: 0.81 	 Training loss: 6.05
Gradient step: 974 	 Performance: 0.755 	 Training loss: 5.59
Gradient step: 999 	 Performance: 0.795 	 Training loss: 5.38
Gradient step: 1024 	 Performance: 0.81 	 Training loss: 5.18
Gradient step: 1049 	 Performance: 0.86 	 Training loss: 5.26
Gradient step: 1074 	 Performance: 0.78 	 Training loss: 5.08
Gradient step: 1099 	 Performance: 0.805 	 Training loss: 5.57
Gradient step: 1124 	 Performance: 0.74 	 Training loss: 5.35
Gradient step: 1149 	 Performance: 0.88 	 Training loss: 5.19
Gradient step: 1174 	 Performance: 0.795 	 Training loss: 5.22
Gradient step: 1199 	 Performance: 0.79 	 Training loss: 5.30
Gradient step: 1224 	 Performance: 0.795 	 Training loss: 5.26
Gradient step: 1249 	 Performance: 0.86 	 Training loss: 4.99
Gradient step: 1274 	 Performance: 0.86 	 Training loss: 4.99
Gradient step: 1299 	 Performance: 0.845 	 Training loss: 4.90
Gradient step: 1324 	 Performance: 0.77 	 Training loss: 5.14
Gradient step: 1349 	 Performance: 0.83 	 Training loss: 4.89
Gradient step: 1374 	 Performance: 0.79 	 Training loss: 4.90
Gradient step: 1399 	 Performance: 0.8 	 Training loss: 4.82
Gradient step: 1424 	 Performance: 0.83 	 Training loss: 4.63
Gradient step: 1449 	 Performance: 0.845 	 Training loss: 4.16
Gradient step: 1474 	 Performance: 0.87 	 Training loss: 3.79
Gradient step: 1499 	 Performance: 0.925 	 Training loss: 3.71
Folder '/om2/user/leokoz8/code/rnns-of-rnns/models/None/multidlydmseql/None' created successfully!
Gradient step: 0 	 Performance: 0.055 	 Training loss: 3.01
Gradient step: 24 	 Performance: 0.05 	 Training loss: 31.38
Gradient step: 49 	 Performance: 0.06 	 Training loss: 22.13
Gradient step: 74 	 Performance: 0.085 	 Training loss: 19.17
Gradient step: 99 	 Performance: 0.24 	 Training loss: 16.28
Gradient step: 124 	 Performance: 0.3 	 Training loss: 14.04
Gradient step: 149 	 Performance: 0.355 	 Training loss: 12.04
Gradient step: 174 	 Performance: 0.31 	 Training loss: 10.57
Gradient step: 199 	 Performance: 0.44 	 Training loss: 9.95
Gradient step: 224 	 Performance: 0.515 	 Training loss: 9.34
Gradient step: 249 	 Performance: 0.455 	 Training loss: 9.02
Gradient step: 274 	 Performance: 0.56 	 Training loss: 8.92
Gradient step: 299 	 Performance: 0.48 	 Training loss: 8.59
Gradient step: 324 	 Performance: 0.595 	 Training loss: 8.01
Gradient step: 349 	 Performance: 0.58 	 Training loss: 7.98
Gradient step: 374 	 Performance: 0.58 	 Training loss: 7.86
Gradient step: 399 	 Performance: 0.615 	 Training loss: 7.63
Gradient step: 424 	 Performance: 0.655 	 Training loss: 7.49
Gradient step: 449 	 Performance: 0.66 	 Training loss: 7.33
Gradient step: 474 	 Performance: 0.595 	 Training loss: 7.50
Gradient step: 499 	 Performance: 0.71 	 Training loss: 7.32
Gradient step: 524 	 Performance: 0.685 	 Training loss: 6.98
Gradient step: 549 	 Performance: 0.675 	 Training loss: 6.96
Gradient step: 574 	 Performance: 0.635 	 Training loss: 6.95
Gradient step: 599 	 Performance: 0.61 	 Training loss: 7.26
Gradient step: 624 	 Performance: 0.7 	 Training loss: 7.04
Gradient step: 649 	 Performance: 0.72 	 Training loss: 6.81
Gradient step: 674 	 Performance: 0.73 	 Training loss: 6.24
Gradient step: 699 	 Performance: 0.685 	 Training loss: 6.59
Gradient step: 724 	 Performance: 0.66 	 Training loss: 6.41
Gradient step: 749 	 Performance: 0.75 	 Training loss: 6.21
Gradient step: 774 	 Performance: 0.765 	 Training loss: 6.44
Gradient step: 799 	 Performance: 0.66 	 Training loss: 6.31
Gradient step: 824 	 Performance: 0.78 	 Training loss: 6.36
Gradient step: 849 	 Performance: 0.795 	 Training loss: 6.10
Gradient step: 874 	 Performance: 0.685 	 Training loss: 5.97
Gradient step: 899 	 Performance: 0.785 	 Training loss: 6.07
Gradient step: 924 	 Performance: 0.7 	 Training loss: 6.29
Gradient step: 949 	 Performance: 0.745 	 Training loss: 6.31
Gradient step: 974 	 Performance: 0.715 	 Training loss: 6.28
Gradient step: 999 	 Performance: 0.695 	 Training loss: 6.69
Gradient step: 1024 	 Performance: 0.755 	 Training loss: 6.35
Gradient step: 1049 	 Performance: 0.73 	 Training loss: 5.90
Gradient step: 1074 	 Performance: 0.765 	 Training loss: 6.21
Gradient step: 1099 	 Performance: 0.75 	 Training loss: 5.92
Gradient step: 1124 	 Performance: 0.785 	 Training loss: 5.95
Gradient step: 1149 	 Performance: 0.78 	 Training loss: 5.25
Gradient step: 1174 	 Performance: 0.81 	 Training loss: 4.84
Gradient step: 1199 	 Performance: 0.81 	 Training loss: 4.86
Gradient step: 1224 	 Performance: 0.8 	 Training loss: 4.91
Gradient step: 1249 	 Performance: 0.82 	 Training loss: 4.83
Gradient step: 1274 	 Performance: 0.77 	 Training loss: 4.84
Gradient step: 1299 	 Performance: 0.77 	 Training loss: 4.78
Gradient step: 1324 	 Performance: 0.75 	 Training loss: 4.85
Gradient step: 1349 	 Performance: 0.835 	 Training loss: 4.81
Gradient step: 1374 	 Performance: 0.83 	 Training loss: 4.74
Gradient step: 1399 	 Performance: 0.785 	 Training loss: 4.78
Gradient step: 1424 	 Performance: 0.77 	 Training loss: 4.87
Gradient step: 1449 	 Performance: 0.83 	 Training loss: 4.79
Gradient step: 1474 	 Performance: 0.805 	 Training loss: 4.69
Gradient step: 1499 	 Performance: 0.775 	 Training loss: 4.81
Gradient step: 1524 	 Performance: 0.825 	 Training loss: 4.78
Gradient step: 1549 	 Performance: 0.78 	 Training loss: 4.65
Gradient step: 1574 	 Performance: 0.84 	 Training loss: 4.72
Gradient step: 1599 	 Performance: 0.765 	 Training loss: 4.81
Gradient step: 1624 	 Performance: 0.81 	 Training loss: 4.95
Gradient step: 1649 	 Performance: 0.78 	 Training loss: 4.74
Gradient step: 1674 	 Performance: 0.81 	 Training loss: 4.63
Gradient step: 1699 	 Performance: 0.83 	 Training loss: 4.68
Gradient step: 1724 	 Performance: 0.77 	 Training loss: 4.57
Gradient step: 1749 	 Performance: 0.825 	 Training loss: 4.65
Gradient step: 1774 	 Performance: 0.81 	 Training loss: 4.73
Gradient step: 1799 	 Performance: 0.87 	 Training loss: 4.66
Gradient step: 1824 	 Performance: 0.82 	 Training loss: 4.74
Gradient step: 1849 	 Performance: 0.86 	 Training loss: 4.61
Gradient step: 1874 	 Performance: 0.795 	 Training loss: 4.63
Gradient step: 1899 	 Performance: 0.835 	 Training loss: 4.75
Gradient step: 1924 	 Performance: 0.865 	 Training loss: 4.50
Gradient step: 1949 	 Performance: 0.84 	 Training loss: 4.77
Gradient step: 1974 	 Performance: 0.83 	 Training loss: 4.54
Gradient step: 1999 	 Performance: 0.8 	 Training loss: 4.55
Gradient step: 2024 	 Performance: 0.82 	 Training loss: 4.57
Gradient step: 2049 	 Performance: 0.81 	 Training loss: 4.51
Gradient step: 2074 	 Performance: 0.84 	 Training loss: 4.41
Gradient step: 2099 	 Performance: 0.84 	 Training loss: 4.41
Gradient step: 2124 	 Performance: 0.83 	 Training loss: 4.41
Gradient step: 2149 	 Performance: 0.82 	 Training loss: 4.48
Gradient step: 2174 	 Performance: 0.835 	 Training loss: 4.43
Gradient step: 2199 	 Performance: 0.8 	 Training loss: 4.49
Gradient step: 2224 	 Performance: 0.77 	 Training loss: 4.46
Gradient step: 2249 	 Performance: 0.81 	 Training loss: 4.52
Gradient step: 2274 	 Performance: 0.845 	 Training loss: 4.40
Gradient step: 2299 	 Performance: 0.815 	 Training loss: 4.45
Gradient step: 2324 	 Performance: 0.825 	 Training loss: 4.34
Gradient step: 2349 	 Performance: 0.83 	 Training loss: 4.40
Gradient step: 2374 	 Performance: 0.79 	 Training loss: 4.27
Gradient step: 2399 	 Performance: 0.825 	 Training loss: 4.37
Gradient step: 2424 	 Performance: 0.835 	 Training loss: 4.27
Gradient step: 2449 	 Performance: 0.81 	 Training loss: 4.51
Gradient step: 2474 	 Performance: 0.805 	 Training loss: 4.38
Gradient step: 2499 	 Performance: 0.815 	 Training loss: 4.47
Gradient step: 2524 	 Performance: 0.775 	 Training loss: 4.41
Gradient step: 2549 	 Performance: 0.805 	 Training loss: 4.38
Gradient step: 2574 	 Performance: 0.845 	 Training loss: 4.39
Gradient step: 2599 	 Performance: 0.805 	 Training loss: 4.63
Gradient step: 2624 	 Performance: 0.805 	 Training loss: 4.52
Gradient step: 2649 	 Performance: 0.85 	 Training loss: 4.38
Gradient step: 2674 	 Performance: 0.875 	 Training loss: 4.54
Gradient step: 2699 	 Performance: 0.805 	 Training loss: 4.28
Gradient step: 2724 	 Performance: 0.805 	 Training loss: 4.41
Gradient step: 2749 	 Performance: 0.835 	 Training loss: 4.35
Gradient step: 2774 	 Performance: 0.795 	 Training loss: 4.36
Gradient step: 2799 	 Performance: 0.81 	 Training loss: 4.48
Gradient step: 2824 	 Performance: 0.83 	 Training loss: 4.38
Gradient step: 2849 	 Performance: 0.82 	 Training loss: 4.56
Gradient step: 2874 	 Performance: 0.855 	 Training loss: 4.39
Gradient step: 2899 	 Performance: 0.845 	 Training loss: 4.34
Gradient step: 2924 	 Performance: 0.81 	 Training loss: 4.30
Gradient step: 2949 	 Performance: 0.76 	 Training loss: 4.43
Gradient step: 2974 	 Performance: 0.86 	 Training loss: 4.20
Gradient step: 2999 	 Performance: 0.835 	 Training loss: 4.34
Gradient step: 3024 	 Performance: 0.79 	 Training loss: 4.50
Gradient step: 3049 	 Performance: 0.825 	 Training loss: 4.47
Gradient step: 3074 	 Performance: 0.825 	 Training loss: 4.37
Gradient step: 3099 	 Performance: 0.825 	 Training loss: 4.33
Gradient step: 3124 	 Performance: 0.82 	 Training loss: 4.32
Gradient step: 3149 	 Performance: 0.79 	 Training loss: 4.35
Gradient step: 3174 	 Performance: 0.81 	 Training loss: 4.26
Gradient step: 3199 	 Performance: 0.85 	 Training loss: 4.38
Gradient step: 3224 	 Performance: 0.825 	 Training loss: 4.42
Gradient step: 3249 	 Performance: 0.85 	 Training loss: 4.46
Gradient step: 3274 	 Performance: 0.85 	 Training loss: 4.29
Gradient step: 3299 	 Performance: 0.82 	 Training loss: 4.30
Gradient step: 3324 	 Performance: 0.81 	 Training loss: 4.48
Gradient step: 3349 	 Performance: 0.855 	 Training loss: 4.22
Gradient step: 3374 	 Performance: 0.845 	 Training loss: 4.41
Gradient step: 3399 	 Performance: 0.805 	 Training loss: 4.30
Gradient step: 3424 	 Performance: 0.855 	 Training loss: 4.34
Gradient step: 3449 	 Performance: 0.84 	 Training loss: 4.48
Gradient step: 3474 	 Performance: 0.805 	 Training loss: 4.42
Gradient step: 3499 	 Performance: 0.77 	 Training loss: 4.32
Gradient step: 3524 	 Performance: 0.785 	 Training loss: 4.44
Gradient step: 3549 	 Performance: 0.815 	 Training loss: 4.25
Gradient step: 3574 	 Performance: 0.805 	 Training loss: 4.41
Gradient step: 3599 	 Performance: 0.85 	 Training loss: 4.46
Gradient step: 3624 	 Performance: 0.82 	 Training loss: 4.37
Gradient step: 3649 	 Performance: 0.8 	 Training loss: 4.46
Gradient step: 3674 	 Performance: 0.875 	 Training loss: 4.49
Gradient step: 3699 	 Performance: 0.81 	 Training loss: 4.40
Gradient step: 3724 	 Performance: 0.835 	 Training loss: 4.48
Gradient step: 3749 	 Performance: 0.805 	 Training loss: 4.61
Gradient step: 3774 	 Performance: 0.845 	 Training loss: 4.51
Gradient step: 3799 	 Performance: 0.825 	 Training loss: 4.38
Gradient step: 3824 	 Performance: 0.82 	 Training loss: 4.43
Gradient step: 3849 	 Performance: 0.88 	 Training loss: 4.48
Gradient step: 3874 	 Performance: 0.82 	 Training loss: 4.42
Gradient step: 3899 	 Performance: 0.83 	 Training loss: 4.47
Gradient step: 3924 	 Performance: 0.87 	 Training loss: 4.41
Gradient step: 3949 	 Performance: 0.83 	 Training loss: 4.43
Gradient step: 3974 	 Performance: 0.88 	 Training loss: 4.49
Gradient step: 3999 	 Performance: 0.81 	 Training loss: 4.39
Gradient step: 4024 	 Performance: 0.8 	 Training loss: 4.37
Gradient step: 4049 	 Performance: 0.855 	 Training loss: 4.37
Gradient step: 4074 	 Performance: 0.85 	 Training loss: 4.50
Gradient step: 4099 	 Performance: 0.805 	 Training loss: 4.44
Gradient step: 4124 	 Performance: 0.82 	 Training loss: 4.40
Gradient step: 4149 	 Performance: 0.845 	 Training loss: 4.53
Gradient step: 4174 	 Performance: 0.83 	 Training loss: 4.44
Gradient step: 4199 	 Performance: 0.82 	 Training loss: 4.40
Gradient step: 4224 	 Performance: 0.795 	 Training loss: 4.28
Gradient step: 4249 	 Performance: 0.85 	 Training loss: 4.54
Gradient step: 4274 	 Performance: 0.86 	 Training loss: 4.35
Gradient step: 4299 	 Performance: 0.825 	 Training loss: 4.43
Gradient step: 4324 	 Performance: 0.82 	 Training loss: 4.41
Gradient step: 4349 	 Performance: 0.845 	 Training loss: 4.33
Gradient step: 4374 	 Performance: 0.78 	 Training loss: 4.52
Gradient step: 4399 	 Performance: 0.795 	 Training loss: 4.33
Gradient step: 4424 	 Performance: 0.835 	 Training loss: 4.39
Gradient step: 4449 	 Performance: 0.83 	 Training loss: 4.54
Gradient step: 4474 	 Performance: 0.81 	 Training loss: 4.36
Gradient step: 4499 	 Performance: 0.825 	 Training loss: 4.48
Gradient step: 4524 	 Performance: 0.795 	 Training loss: 4.27
Gradient step: 4549 	 Performance: 0.845 	 Training loss: 4.42
Gradient step: 4574 	 Performance: 0.845 	 Training loss: 4.50
Gradient step: 4599 	 Performance: 0.77 	 Training loss: 4.35
Gradient step: 4624 	 Performance: 0.835 	 Training loss: 4.52
Gradient step: 4649 	 Performance: 0.835 	 Training loss: 4.27
Gradient step: 4674 	 Performance: 0.85 	 Training loss: 4.41
Gradient step: 4699 	 Performance: 0.84 	 Training loss: 4.48
Gradient step: 4724 	 Performance: 0.85 	 Training loss: 4.62
Gradient step: 4749 	 Performance: 0.795 	 Training loss: 4.45
Gradient step: 4774 	 Performance: 0.925 	 Training loss: 4.40
Folder '/om2/user/leokoz8/code/rnns-of-rnns/models/sym/multidlydmseql/conformal' created successfully!
Gradient step: 0 	 Performance: 0.08 	 Training loss: 3.22
Gradient step: 24 	 Performance: 0.085 	 Training loss: 42.23
Gradient step: 49 	 Performance: 0.09 	 Training loss: 21.92
Gradient step: 74 	 Performance: 0.11 	 Training loss: 19.80
Gradient step: 99 	 Performance: 0.095 	 Training loss: 18.33
Gradient step: 124 	 Performance: 0.145 	 Training loss: 17.45
Gradient step: 149 	 Performance: 0.16 	 Training loss: 16.12
Gradient step: 174 	 Performance: 0.235 	 Training loss: 15.32
Gradient step: 199 	 Performance: 0.185 	 Training loss: 15.27
Gradient step: 224 	 Performance: 0.215 	 Training loss: 14.25
Gradient step: 249 	 Performance: 0.34 	 Training loss: 13.54
Gradient step: 274 	 Performance: 0.2 	 Training loss: 13.23
Gradient step: 299 	 Performance: 0.31 	 Training loss: 12.70
Gradient step: 324 	 Performance: 0.29 	 Training loss: 12.29
Gradient step: 349 	 Performance: 0.355 	 Training loss: 12.00
Gradient step: 374 	 Performance: 0.4 	 Training loss: 11.41
Gradient step: 399 	 Performance: 0.435 	 Training loss: 11.03
Gradient step: 424 	 Performance: 0.5 	 Training loss: 10.42
Gradient step: 449 	 Performance: 0.485 	 Training loss: 10.36
Gradient step: 474 	 Performance: 0.455 	 Training loss: 9.61
Gradient step: 499 	 Performance: 0.55 	 Training loss: 9.07
Gradient step: 524 	 Performance: 0.57 	 Training loss: 9.16
Gradient step: 549 	 Performance: 0.62 	 Training loss: 8.18
Gradient step: 574 	 Performance: 0.585 	 Training loss: 8.14
Gradient step: 599 	 Performance: 0.595 	 Training loss: 7.89
Gradient step: 624 	 Performance: 0.62 	 Training loss: 7.44
Gradient step: 649 	 Performance: 0.645 	 Training loss: 7.23
Gradient step: 674 	 Performance: 0.725 	 Training loss: 7.09
Gradient step: 699 	 Performance: 0.67 	 Training loss: 6.95
Gradient step: 724 	 Performance: 0.715 	 Training loss: 6.63
Gradient step: 749 	 Performance: 0.7 	 Training loss: 6.45
Gradient step: 774 	 Performance: 0.77 	 Training loss: 6.48
Gradient step: 799 	 Performance: 0.73 	 Training loss: 6.32
Gradient step: 824 	 Performance: 0.76 	 Training loss: 5.95
Gradient step: 849 	 Performance: 0.73 	 Training loss: 6.49
Gradient step: 874 	 Performance: 0.76 	 Training loss: 6.27
Gradient step: 899 	 Performance: 0.7 	 Training loss: 6.02
Gradient step: 924 	 Performance: 0.77 	 Training loss: 6.24
Gradient step: 949 	 Performance: 0.765 	 Training loss: 5.91
Gradient step: 974 	 Performance: 0.795 	 Training loss: 6.05
Gradient step: 999 	 Performance: 0.805 	 Training loss: 5.47
Gradient step: 1024 	 Performance: 0.71 	 Training loss: 5.70
Gradient step: 1049 	 Performance: 0.755 	 Training loss: 5.73
Gradient step: 1074 	 Performance: 0.815 	 Training loss: 5.69
Gradient step: 1099 	 Performance: 0.79 	 Training loss: 6.02
Gradient step: 1124 	 Performance: 0.795 	 Training loss: 5.32
Gradient step: 1149 	 Performance: 0.77 	 Training loss: 5.25
Gradient step: 1174 	 Performance: 0.795 	 Training loss: 5.49
Gradient step: 1199 	 Performance: 0.745 	 Training loss: 5.22
Gradient step: 1224 	 Performance: 0.77 	 Training loss: 5.25
Gradient step: 1249 	 Performance: 0.83 	 Training loss: 5.06
Gradient step: 1274 	 Performance: 0.755 	 Training loss: 4.93
Gradient step: 1299 	 Performance: 0.745 	 Training loss: 5.16
Gradient step: 1324 	 Performance: 0.815 	 Training loss: 5.57
Gradient step: 1349 	 Performance: 0.82 	 Training loss: 5.22
Gradient step: 1374 	 Performance: 0.86 	 Training loss: 5.26
Gradient step: 1399 	 Performance: 0.8 	 Training loss: 4.91
Gradient step: 1424 	 Performance: 0.835 	 Training loss: 5.23
Gradient step: 1449 	 Performance: 0.85 	 Training loss: 5.02
Gradient step: 1474 	 Performance: 0.805 	 Training loss: 4.98
Gradient step: 1499 	 Performance: 0.77 	 Training loss: 5.11
Gradient step: 1524 	 Performance: 0.86 	 Training loss: 4.81
Gradient step: 1549 	 Performance: 0.79 	 Training loss: 4.67
Gradient step: 1574 	 Performance: 0.78 	 Training loss: 4.81
Gradient step: 1599 	 Performance: 0.76 	 Training loss: 4.85
Gradient step: 1624 	 Performance: 0.77 	 Training loss: 4.59
Gradient step: 1649 	 Performance: 0.825 	 Training loss: 4.43
Gradient step: 1674 	 Performance: 0.84 	 Training loss: 3.95
Gradient step: 1699 	 Performance: 0.875 	 Training loss: 3.72
Gradient step: 1724 	 Performance: 0.82 	 Training loss: 3.71
Gradient step: 1749 	 Performance: 0.89 	 Training loss: 3.75
Gradient step: 1774 	 Performance: 0.88 	 Training loss: 3.64
Gradient step: 1799 	 Performance: 0.85 	 Training loss: 3.55
Gradient step: 1824 	 Performance: 0.905 	 Training loss: 3.56
Folder '/om2/user/leokoz8/code/rnns-of-rnns/models/sym/multidlydmseql/None' created successfully!
Gradient step: 0 	 Performance: 0.085 	 Training loss: 3.01
Gradient step: 24 	 Performance: 0.055 	 Training loss: 31.52
Gradient step: 49 	 Performance: 0.06 	 Training loss: 22.31
Gradient step: 74 	 Performance: 0.11 	 Training loss: 19.55
Gradient step: 99 	 Performance: 0.22 	 Training loss: 17.33
Gradient step: 124 	 Performance: 0.285 	 Training loss: 14.80
Gradient step: 149 	 Performance: 0.29 	 Training loss: 12.90
Gradient step: 174 	 Performance: 0.34 	 Training loss: 10.97
Gradient step: 199 	 Performance: 0.48 	 Training loss: 10.12
Gradient step: 224 	 Performance: 0.43 	 Training loss: 9.62
Gradient step: 249 	 Performance: 0.47 	 Training loss: 9.50
Gradient step: 274 	 Performance: 0.565 	 Training loss: 9.02
Gradient step: 299 	 Performance: 0.54 	 Training loss: 8.66
Gradient step: 324 	 Performance: 0.585 	 Training loss: 8.24
Gradient step: 349 	 Performance: 0.595 	 Training loss: 8.37
Gradient step: 374 	 Performance: 0.615 	 Training loss: 8.08
Gradient step: 399 	 Performance: 0.605 	 Training loss: 7.71
Gradient step: 424 	 Performance: 0.625 	 Training loss: 7.79
Gradient step: 449 	 Performance: 0.685 	 Training loss: 7.68
Gradient step: 474 	 Performance: 0.645 	 Training loss: 7.34
Gradient step: 499 	 Performance: 0.66 	 Training loss: 7.31
Gradient step: 524 	 Performance: 0.665 	 Training loss: 7.19
Gradient step: 549 	 Performance: 0.68 	 Training loss: 6.97
Gradient step: 574 	 Performance: 0.63 	 Training loss: 7.25
Gradient step: 599 	 Performance: 0.605 	 Training loss: 6.83
Gradient step: 624 	 Performance: 0.595 	 Training loss: 7.04
Gradient step: 649 	 Performance: 0.73 	 Training loss: 6.72
Gradient step: 674 	 Performance: 0.69 	 Training loss: 6.59
Gradient step: 699 	 Performance: 0.72 	 Training loss: 6.70
Gradient step: 724 	 Performance: 0.675 	 Training loss: 6.44
Gradient step: 749 	 Performance: 0.67 	 Training loss: 6.64
Gradient step: 774 	 Performance: 0.69 	 Training loss: 6.45
Gradient step: 799 	 Performance: 0.705 	 Training loss: 6.51
Gradient step: 824 	 Performance: 0.705 	 Training loss: 6.25
Gradient step: 849 	 Performance: 0.73 	 Training loss: 6.11
Gradient step: 874 	 Performance: 0.695 	 Training loss: 6.71
Gradient step: 899 	 Performance: 0.58 	 Training loss: 6.53
Gradient step: 924 	 Performance: 0.71 	 Training loss: 6.36
Gradient step: 949 	 Performance: 0.78 	 Training loss: 5.59
Gradient step: 974 	 Performance: 0.78 	 Training loss: 5.21
Gradient step: 999 	 Performance: 0.755 	 Training loss: 5.27
Gradient step: 1024 	 Performance: 0.845 	 Training loss: 5.26
Gradient step: 1049 	 Performance: 0.805 	 Training loss: 5.27
Gradient step: 1074 	 Performance: 0.8 	 Training loss: 5.07
Gradient step: 1099 	 Performance: 0.72 	 Training loss: 5.16
Gradient step: 1124 	 Performance: 0.745 	 Training loss: 5.13
Gradient step: 1149 	 Performance: 0.77 	 Training loss: 4.96
Gradient step: 1174 	 Performance: 0.85 	 Training loss: 5.11
Gradient step: 1199 	 Performance: 0.795 	 Training loss: 5.02
Gradient step: 1224 	 Performance: 0.805 	 Training loss: 4.98
Gradient step: 1249 	 Performance: 0.785 	 Training loss: 5.00
Gradient step: 1274 	 Performance: 0.815 	 Training loss: 5.00
Gradient step: 1299 	 Performance: 0.76 	 Training loss: 5.14
Gradient step: 1324 	 Performance: 0.78 	 Training loss: 5.15
Gradient step: 1349 	 Performance: 0.82 	 Training loss: 4.93
Gradient step: 1374 	 Performance: 0.76 	 Training loss: 5.04
Gradient step: 1399 	 Performance: 0.805 	 Training loss: 4.87
Gradient step: 1424 	 Performance: 0.82 	 Training loss: 4.91
Gradient step: 1449 	 Performance: 0.795 	 Training loss: 5.01
Gradient step: 1474 	 Performance: 0.805 	 Training loss: 4.94
Gradient step: 1499 	 Performance: 0.83 	 Training loss: 4.85
Gradient step: 1524 	 Performance: 0.785 	 Training loss: 4.88
Gradient step: 1549 	 Performance: 0.835 	 Training loss: 4.81
Gradient step: 1574 	 Performance: 0.825 	 Training loss: 4.97
Gradient step: 1599 	 Performance: 0.78 	 Training loss: 4.85
Gradient step: 1624 	 Performance: 0.83 	 Training loss: 4.85
Gradient step: 1649 	 Performance: 0.805 	 Training loss: 4.82
Gradient step: 1674 	 Performance: 0.855 	 Training loss: 4.65
Gradient step: 1699 	 Performance: 0.815 	 Training loss: 4.90
Gradient step: 1724 	 Performance: 0.815 	 Training loss: 4.88
Gradient step: 1749 	 Performance: 0.745 	 Training loss: 4.82
Gradient step: 1774 	 Performance: 0.77 	 Training loss: 4.89
Gradient step: 1799 	 Performance: 0.805 	 Training loss: 4.80
Gradient step: 1824 	 Performance: 0.775 	 Training loss: 4.71
Gradient step: 1849 	 Performance: 0.805 	 Training loss: 4.86
Gradient step: 1874 	 Performance: 0.865 	 Training loss: 4.80
Gradient step: 1899 	 Performance: 0.745 	 Training loss: 4.79
Gradient step: 1924 	 Performance: 0.775 	 Training loss: 4.78
Gradient step: 1949 	 Performance: 0.795 	 Training loss: 4.79
Gradient step: 1974 	 Performance: 0.88 	 Training loss: 4.84
Gradient step: 1999 	 Performance: 0.79 	 Training loss: 4.82
Gradient step: 2024 	 Performance: 0.81 	 Training loss: 4.67
Gradient step: 2049 	 Performance: 0.775 	 Training loss: 4.78
Gradient step: 2074 	 Performance: 0.835 	 Training loss: 4.73
Gradient step: 2099 	 Performance: 0.76 	 Training loss: 4.66
Gradient step: 2124 	 Performance: 0.845 	 Training loss: 4.69
Gradient step: 2149 	 Performance: 0.78 	 Training loss: 4.85
Gradient step: 2174 	 Performance: 0.79 	 Training loss: 4.93
Gradient step: 2199 	 Performance: 0.815 	 Training loss: 4.76
Gradient step: 2224 	 Performance: 0.825 	 Training loss: 4.75
Gradient step: 2249 	 Performance: 0.725 	 Training loss: 4.83
Gradient step: 2274 	 Performance: 0.765 	 Training loss: 4.84
Gradient step: 2299 	 Performance: 0.775 	 Training loss: 4.77
Gradient step: 2324 	 Performance: 0.82 	 Training loss: 4.77
Gradient step: 2349 	 Performance: 0.815 	 Training loss: 4.82
Gradient step: 2374 	 Performance: 0.825 	 Training loss: 4.83
Gradient step: 2399 	 Performance: 0.8 	 Training loss: 4.93
Gradient step: 2424 	 Performance: 0.775 	 Training loss: 4.84
Gradient step: 2449 	 Performance: 0.815 	 Training loss: 4.82
Gradient step: 2474 	 Performance: 0.78 	 Training loss: 4.86
Gradient step: 2499 	 Performance: 0.815 	 Training loss: 4.58
Gradient step: 2524 	 Performance: 0.805 	 Training loss: 4.90
Gradient step: 2549 	 Performance: 0.795 	 Training loss: 4.72
Gradient step: 2574 	 Performance: 0.81 	 Training loss: 4.83
Gradient step: 2599 	 Performance: 0.825 	 Training loss: 4.75
Gradient step: 2624 	 Performance: 0.81 	 Training loss: 4.66
Gradient step: 2649 	 Performance: 0.82 	 Training loss: 5.01
Gradient step: 2674 	 Performance: 0.775 	 Training loss: 4.67
Gradient step: 2699 	 Performance: 0.805 	 Training loss: 4.58
Gradient step: 2724 	 Performance: 0.83 	 Training loss: 4.78
Gradient step: 2749 	 Performance: 0.795 	 Training loss: 4.78
Gradient step: 2774 	 Performance: 0.815 	 Training loss: 4.76
Gradient step: 2799 	 Performance: 0.79 	 Training loss: 4.66
Gradient step: 2824 	 Performance: 0.745 	 Training loss: 5.03
Gradient step: 2849 	 Performance: 0.805 	 Training loss: 4.81
Gradient step: 2874 	 Performance: 0.755 	 Training loss: 4.79
Gradient step: 2899 	 Performance: 0.8 	 Training loss: 4.74
Gradient step: 2924 	 Performance: 0.79 	 Training loss: 4.87
Gradient step: 2949 	 Performance: 0.795 	 Training loss: 4.92
Gradient step: 2974 	 Performance: 0.8 	 Training loss: 4.73
Gradient step: 2999 	 Performance: 0.84 	 Training loss: 4.83
Gradient step: 3024 	 Performance: 0.775 	 Training loss: 4.90
Gradient step: 3049 	 Performance: 0.82 	 Training loss: 4.69
Gradient step: 3074 	 Performance: 0.835 	 Training loss: 4.88
Gradient step: 3099 	 Performance: 0.765 	 Training loss: 4.74
Gradient step: 3124 	 Performance: 0.84 	 Training loss: 4.65
Gradient step: 3149 	 Performance: 0.76 	 Training loss: 4.62
Gradient step: 3174 	 Performance: 0.815 	 Training loss: 4.80
Gradient step: 3199 	 Performance: 0.82 	 Training loss: 4.71
Gradient step: 3224 	 Performance: 0.795 	 Training loss: 4.67
Gradient step: 3249 	 Performance: 0.765 	 Training loss: 4.71
Gradient step: 3274 	 Performance: 0.805 	 Training loss: 4.85
Gradient step: 3299 	 Performance: 0.795 	 Training loss: 4.76
Gradient step: 3324 	 Performance: 0.8 	 Training loss: 4.73
Gradient step: 3349 	 Performance: 0.825 	 Training loss: 4.66
Gradient step: 3374 	 Performance: 0.82 	 Training loss: 4.89
Gradient step: 3399 	 Performance: 0.815 	 Training loss: 4.86
Gradient step: 3424 	 Performance: 0.85 	 Training loss: 4.87
Gradient step: 3449 	 Performance: 0.76 	 Training loss: 4.72
Gradient step: 3474 	 Performance: 0.765 	 Training loss: 4.73
Gradient step: 3499 	 Performance: 0.78 	 Training loss: 4.84
Gradient step: 3524 	 Performance: 0.795 	 Training loss: 4.70
Gradient step: 3549 	 Performance: 0.83 	 Training loss: 4.81
Gradient step: 3574 	 Performance: 0.815 	 Training loss: 4.77
Gradient step: 3599 	 Performance: 0.78 	 Training loss: 4.71
Gradient step: 3624 	 Performance: 0.83 	 Training loss: 4.80
Gradient step: 3649 	 Performance: 0.835 	 Training loss: 4.73
Gradient step: 3674 	 Performance: 0.865 	 Training loss: 4.71
Gradient step: 3699 	 Performance: 0.815 	 Training loss: 4.82
Gradient step: 3724 	 Performance: 0.815 	 Training loss: 4.66
Gradient step: 3749 	 Performance: 0.8 	 Training loss: 4.86
Gradient step: 3774 	 Performance: 0.835 	 Training loss: 4.87
Gradient step: 3799 	 Performance: 0.805 	 Training loss: 4.80
Gradient step: 3824 	 Performance: 0.81 	 Training loss: 4.69
Gradient step: 3849 	 Performance: 0.825 	 Training loss: 4.73
Gradient step: 3874 	 Performance: 0.825 	 Training loss: 4.85
Gradient step: 3899 	 Performance: 0.845 	 Training loss: 4.80
Gradient step: 3924 	 Performance: 0.85 	 Training loss: 4.82
Gradient step: 3949 	 Performance: 0.825 	 Training loss: 4.78
Gradient step: 3974 	 Performance: 0.83 	 Training loss: 4.80
Gradient step: 3999 	 Performance: 0.805 	 Training loss: 4.76
Gradient step: 4024 	 Performance: 0.81 	 Training loss: 4.79
Gradient step: 4049 	 Performance: 0.775 	 Training loss: 4.62
Gradient step: 4074 	 Performance: 0.805 	 Training loss: 4.92
Gradient step: 4099 	 Performance: 0.845 	 Training loss: 4.81
Gradient step: 4124 	 Performance: 0.785 	 Training loss: 4.78
Gradient step: 4149 	 Performance: 0.77 	 Training loss: 4.70
Gradient step: 4174 	 Performance: 0.79 	 Training loss: 4.80
Gradient step: 4199 	 Performance: 0.845 	 Training loss: 4.81
Gradient step: 4224 	 Performance: 0.825 	 Training loss: 4.64
Gradient step: 4249 	 Performance: 0.79 	 Training loss: 4.78
Gradient step: 4274 	 Performance: 0.815 	 Training loss: 4.70
Gradient step: 4299 	 Performance: 0.785 	 Training loss: 4.72
Gradient step: 4324 	 Performance: 0.84 	 Training loss: 4.73
Gradient step: 4349 	 Performance: 0.83 	 Training loss: 4.78
Gradient step: 4374 	 Performance: 0.845 	 Training loss: 4.63
Gradient step: 4399 	 Performance: 0.795 	 Training loss: 4.88
Gradient step: 4424 	 Performance: 0.795 	 Training loss: 4.73
Gradient step: 4449 	 Performance: 0.815 	 Training loss: 4.79
Gradient step: 4474 	 Performance: 0.82 	 Training loss: 4.64
Gradient step: 4499 	 Performance: 0.745 	 Training loss: 4.90
Gradient step: 4524 	 Performance: 0.825 	 Training loss: 4.88
Gradient step: 4549 	 Performance: 0.82 	 Training loss: 4.85
Gradient step: 4574 	 Performance: 0.835 	 Training loss: 4.85
Gradient step: 4599 	 Performance: 0.8 	 Training loss: 4.83
Gradient step: 4624 	 Performance: 0.805 	 Training loss: 4.72
Gradient step: 4649 	 Performance: 0.785 	 Training loss: 4.72
Gradient step: 4674 	 Performance: 0.805 	 Training loss: 4.59
Gradient step: 4699 	 Performance: 0.835 	 Training loss: 4.71
Gradient step: 4724 	 Performance: 0.82 	 Training loss: 4.82
Gradient step: 4749 	 Performance: 0.82 	 Training loss: 4.78
Gradient step: 4774 	 Performance: 0.825 	 Training loss: 4.70
Gradient step: 4799 	 Performance: 0.76 	 Training loss: 4.77
Gradient step: 4824 	 Performance: 0.815 	 Training loss: 4.89
Gradient step: 4849 	 Performance: 0.8 	 Training loss: 4.78
Gradient step: 4874 	 Performance: 0.79 	 Training loss: 4.71
Gradient step: 4899 	 Performance: 0.835 	 Training loss: 4.76
Gradient step: 4924 	 Performance: 0.83 	 Training loss: 4.79
Gradient step: 4949 	 Performance: 0.805 	 Training loss: 4.83
Gradient step: 4974 	 Performance: 0.775 	 Training loss: 4.68
Gradient step: 4999 	 Performance: 0.805 	 Training loss: 4.83
Gradient step: 5024 	 Performance: 0.77 	 Training loss: 4.72
Gradient step: 5049 	 Performance: 0.795 	 Training loss: 4.72
Gradient step: 5074 	 Performance: 0.77 	 Training loss: 4.59
Gradient step: 5099 	 Performance: 0.8 	 Training loss: 4.78
Gradient step: 5124 	 Performance: 0.83 	 Training loss: 4.72
Gradient step: 5149 	 Performance: 0.8 	 Training loss: 4.67
Gradient step: 5174 	 Performance: 0.795 	 Training loss: 4.77
Gradient step: 5199 	 Performance: 0.85 	 Training loss: 4.83
Gradient step: 5224 	 Performance: 0.785 	 Training loss: 4.77
Gradient step: 5249 	 Performance: 0.835 	 Training loss: 4.79
Gradient step: 5274 	 Performance: 0.86 	 Training loss: 4.75
Gradient step: 5299 	 Performance: 0.825 	 Training loss: 4.72
Gradient step: 5324 	 Performance: 0.81 	 Training loss: 4.84
Gradient step: 5349 	 Performance: 0.815 	 Training loss: 4.82
Gradient step: 5374 	 Performance: 0.81 	 Training loss: 4.81
Gradient step: 5399 	 Performance: 0.785 	 Training loss: 4.69
Gradient step: 5424 	 Performance: 0.83 	 Training loss: 4.74
Gradient step: 5449 	 Performance: 0.8 	 Training loss: 4.74
Gradient step: 5474 	 Performance: 0.835 	 Training loss: 4.69
Gradient step: 5499 	 Performance: 0.8 	 Training loss: 4.66
Gradient step: 5524 	 Performance: 0.825 	 Training loss: 4.75
Gradient step: 5549 	 Performance: 0.795 	 Training loss: 4.76
Gradient step: 5574 	 Performance: 0.795 	 Training loss: 4.72
Gradient step: 5599 	 Performance: 0.825 	 Training loss: 4.62
Gradient step: 5624 	 Performance: 0.835 	 Training loss: 4.81
Gradient step: 5649 	 Performance: 0.775 	 Training loss: 4.84
Gradient step: 5674 	 Performance: 0.8 	 Training loss: 4.71
Gradient step: 5699 	 Performance: 0.795 	 Training loss: 4.88
Gradient step: 5724 	 Performance: 0.8 	 Training loss: 4.65
Gradient step: 5749 	 Performance: 0.78 	 Training loss: 4.56
Gradient step: 5774 	 Performance: 0.765 	 Training loss: 4.77
Gradient step: 5799 	 Performance: 0.75 	 Training loss: 4.76
Gradient step: 5824 	 Performance: 0.825 	 Training loss: 4.75
Gradient step: 5849 	 Performance: 0.84 	 Training loss: 4.75
Gradient step: 5874 	 Performance: 0.775 	 Training loss: 4.83
Gradient step: 5899 	 Performance: 0.78 	 Training loss: 4.74
Gradient step: 5924 	 Performance: 0.78 	 Training loss: 4.89
Gradient step: 5949 	 Performance: 0.815 	 Training loss: 4.77
Gradient step: 5974 	 Performance: 0.825 	 Training loss: 4.75
Gradient step: 5999 	 Performance: 0.78 	 Training loss: 4.83
Gradient step: 6024 	 Performance: 0.85 	 Training loss: 4.66
Gradient step: 6049 	 Performance: 0.79 	 Training loss: 4.87
Gradient step: 6074 	 Performance: 0.815 	 Training loss: 4.80
Gradient step: 6099 	 Performance: 0.775 	 Training loss: 4.71
Gradient step: 6124 	 Performance: 0.765 	 Training loss: 4.79
Gradient step: 6149 	 Performance: 0.825 	 Training loss: 4.74
Gradient step: 6174 	 Performance: 0.775 	 Training loss: 4.69
Gradient step: 6199 	 Performance: 0.8 	 Training loss: 4.73
Gradient step: 6224 	 Performance: 0.805 	 Training loss: 4.73
Gradient step: 6249 	 Performance: 0.765 	 Training loss: 4.90
Gradient step: 6274 	 Performance: 0.775 	 Training loss: 4.68
Gradient step: 6299 	 Performance: 0.8 	 Training loss: 4.71
Gradient step: 6324 	 Performance: 0.825 	 Training loss: 4.78
Gradient step: 6349 	 Performance: 0.775 	 Training loss: 4.79
Gradient step: 6374 	 Performance: 0.835 	 Training loss: 4.84
Gradient step: 6399 	 Performance: 0.79 	 Training loss: 4.86
Gradient step: 6424 	 Performance: 0.79 	 Training loss: 4.79
Gradient step: 6449 	 Performance: 0.825 	 Training loss: 4.72
Gradient step: 6474 	 Performance: 0.8 	 Training loss: 4.81
Gradient step: 6499 	 Performance: 0.79 	 Training loss: 4.76
Gradient step: 6524 	 Performance: 0.785 	 Training loss: 4.78
Gradient step: 6549 	 Performance: 0.795 	 Training loss: 4.80
Gradient step: 6574 	 Performance: 0.84 	 Training loss: 4.74
Gradient step: 6599 	 Performance: 0.805 	 Training loss: 4.73
Gradient step: 6624 	 Performance: 0.73 	 Training loss: 4.72
Gradient step: 6649 	 Performance: 0.87 	 Training loss: 4.86
Gradient step: 6674 	 Performance: 0.82 	 Training loss: 4.83
Gradient step: 6699 	 Performance: 0.83 	 Training loss: 4.65
Gradient step: 6724 	 Performance: 0.805 	 Training loss: 4.77
Gradient step: 6749 	 Performance: 0.825 	 Training loss: 4.74
Gradient step: 6774 	 Performance: 0.815 	 Training loss: 4.75
Gradient step: 6799 	 Performance: 0.815 	 Training loss: 4.80
Gradient step: 6824 	 Performance: 0.845 	 Training loss: 4.84
Gradient step: 6849 	 Performance: 0.86 	 Training loss: 4.88
Gradient step: 6874 	 Performance: 0.835 	 Training loss: 4.96
Gradient step: 6899 	 Performance: 0.78 	 Training loss: 4.77
Gradient step: 6924 	 Performance: 0.78 	 Training loss: 4.78
Gradient step: 6949 	 Performance: 0.79 	 Training loss: 4.63
Gradient step: 6974 	 Performance: 0.815 	 Training loss: 4.73
Gradient step: 6999 	 Performance: 0.83 	 Training loss: 4.71
Gradient step: 7024 	 Performance: 0.78 	 Training loss: 4.70
Gradient step: 7049 	 Performance: 0.81 	 Training loss: 4.76
Gradient step: 7074 	 Performance: 0.835 	 Training loss: 4.76
Gradient step: 7099 	 Performance: 0.835 	 Training loss: 4.68
Gradient step: 7124 	 Performance: 0.83 	 Training loss: 4.80
Gradient step: 7149 	 Performance: 0.79 	 Training loss: 4.56
Gradient step: 7174 	 Performance: 0.79 	 Training loss: 4.69
Gradient step: 7199 	 Performance: 0.795 	 Training loss: 4.79
Gradient step: 7224 	 Performance: 0.825 	 Training loss: 4.82
Gradient step: 7249 	 Performance: 0.82 	 Training loss: 4.84
Gradient step: 7274 	 Performance: 0.835 	 Training loss: 4.82
Gradient step: 7299 	 Performance: 0.805 	 Training loss: 4.74
Gradient step: 7324 	 Performance: 0.77 	 Training loss: 4.59
Gradient step: 7349 	 Performance: 0.845 	 Training loss: 4.76
Gradient step: 7374 	 Performance: 0.785 	 Training loss: 4.81
Gradient step: 7399 	 Performance: 0.805 	 Training loss: 4.66
Gradient step: 7424 	 Performance: 0.835 	 Training loss: 4.79
Gradient step: 7449 	 Performance: 0.805 	 Training loss: 4.86
Gradient step: 7474 	 Performance: 0.81 	 Training loss: 4.73
Gradient step: 7499 	 Performance: 0.74 	 Training loss: 4.69
Gradient step: 7524 	 Performance: 0.78 	 Training loss: 4.79
Gradient step: 7549 	 Performance: 0.81 	 Training loss: 4.79
Gradient step: 7574 	 Performance: 0.815 	 Training loss: 4.85
Gradient step: 7599 	 Performance: 0.825 	 Training loss: 4.79
Gradient step: 7624 	 Performance: 0.78 	 Training loss: 4.85
Gradient step: 7649 	 Performance: 0.79 	 Training loss: 4.65
Gradient step: 7674 	 Performance: 0.785 	 Training loss: 4.79
Gradient step: 7699 	 Performance: 0.85 	 Training loss: 4.84
Gradient step: 7724 	 Performance: 0.84 	 Training loss: 4.78
Gradient step: 7749 	 Performance: 0.81 	 Training loss: 4.73
Gradient step: 7774 	 Performance: 0.755 	 Training loss: 4.79
Gradient step: 7799 	 Performance: 0.805 	 Training loss: 4.58
Gradient step: 7824 	 Performance: 0.815 	 Training loss: 4.75
Gradient step: 7849 	 Performance: 0.865 	 Training loss: 4.79
Gradient step: 7874 	 Performance: 0.815 	 Training loss: 4.70
Gradient step: 7899 	 Performance: 0.805 	 Training loss: 4.76
Gradient step: 7924 	 Performance: 0.84 	 Training loss: 4.86
Gradient step: 7949 	 Performance: 0.745 	 Training loss: 4.83
Gradient step: 7974 	 Performance: 0.76 	 Training loss: 4.73
Gradient step: 7999 	 Performance: 0.785 	 Training loss: 4.83
Gradient step: 8024 	 Performance: 0.83 	 Training loss: 4.96
Gradient step: 8049 	 Performance: 0.83 	 Training loss: 4.84
Gradient step: 8074 	 Performance: 0.75 	 Training loss: 4.56
Gradient step: 8099 	 Performance: 0.78 	 Training loss: 4.74
Gradient step: 8124 	 Performance: 0.78 	 Training loss: 4.80
Gradient step: 8149 	 Performance: 0.84 	 Training loss: 4.85
Gradient step: 8174 	 Performance: 0.8 	 Training loss: 4.72
Gradient step: 8199 	 Performance: 0.81 	 Training loss: 4.77
Gradient step: 8224 	 Performance: 0.815 	 Training loss: 4.80
Gradient step: 8249 	 Performance: 0.795 	 Training loss: 4.78
Gradient step: 8274 	 Performance: 0.79 	 Training loss: 4.83
Gradient step: 8299 	 Performance: 0.825 	 Training loss: 4.75
Gradient step: 8324 	 Performance: 0.77 	 Training loss: 4.78
Gradient step: 8349 	 Performance: 0.785 	 Training loss: 4.89
Gradient step: 8374 	 Performance: 0.755 	 Training loss: 4.75
Gradient step: 8399 	 Performance: 0.785 	 Training loss: 4.66
Gradient step: 8424 	 Performance: 0.82 	 Training loss: 4.69
Gradient step: 8449 	 Performance: 0.81 	 Training loss: 4.70
Gradient step: 8474 	 Performance: 0.775 	 Training loss: 4.89
Gradient step: 8499 	 Performance: 0.83 	 Training loss: 4.80
Gradient step: 8524 	 Performance: 0.795 	 Training loss: 4.73
Gradient step: 8549 	 Performance: 0.81 	 Training loss: 4.71
Gradient step: 8574 	 Performance: 0.76 	 Training loss: 4.98
Gradient step: 8599 	 Performance: 0.79 	 Training loss: 4.74
Gradient step: 8624 	 Performance: 0.815 	 Training loss: 4.90
Gradient step: 8649 	 Performance: 0.84 	 Training loss: 4.73
Gradient step: 8674 	 Performance: 0.85 	 Training loss: 4.78
Gradient step: 8699 	 Performance: 0.795 	 Training loss: 4.77
Gradient step: 8724 	 Performance: 0.8 	 Training loss: 4.61
Gradient step: 8749 	 Performance: 0.815 	 Training loss: 4.80
Gradient step: 8774 	 Performance: 0.75 	 Training loss: 4.71
Gradient step: 8799 	 Performance: 0.81 	 Training loss: 4.75
Gradient step: 8824 	 Performance: 0.82 	 Training loss: 4.74
Gradient step: 8849 	 Performance: 0.765 	 Training loss: 4.63
Gradient step: 8874 	 Performance: 0.795 	 Training loss: 4.76
Gradient step: 8899 	 Performance: 0.81 	 Training loss: 4.75
Gradient step: 8924 	 Performance: 0.81 	 Training loss: 4.76
Gradient step: 8949 	 Performance: 0.835 	 Training loss: 4.79
Gradient step: 8974 	 Performance: 0.85 	 Training loss: 4.77
Gradient step: 8999 	 Performance: 0.8 	 Training loss: 4.80
Gradient step: 9024 	 Performance: 0.785 	 Training loss: 4.83
Gradient step: 9049 	 Performance: 0.765 	 Training loss: 4.76
Gradient step: 9074 	 Performance: 0.745 	 Training loss: 4.71
Gradient step: 9099 	 Performance: 0.8 	 Training loss: 4.82
Gradient step: 9124 	 Performance: 0.77 	 Training loss: 4.68
Gradient step: 9149 	 Performance: 0.82 	 Training loss: 4.80
Gradient step: 9174 	 Performance: 0.79 	 Training loss: 4.72
Gradient step: 9199 	 Performance: 0.795 	 Training loss: 4.77
Gradient step: 9224 	 Performance: 0.825 	 Training loss: 4.77
Gradient step: 9249 	 Performance: 0.81 	 Training loss: 4.68
Gradient step: 9274 	 Performance: 0.805 	 Training loss: 4.70
Gradient step: 9299 	 Performance: 0.835 	 Training loss: 4.82
Gradient step: 9324 	 Performance: 0.83 	 Training loss: 4.88
Gradient step: 9349 	 Performance: 0.835 	 Training loss: 4.84
Gradient step: 9374 	 Performance: 0.83 	 Training loss: 4.74
Gradient step: 9399 	 Performance: 0.82 	 Training loss: 4.76
Gradient step: 9424 	 Performance: 0.845 	 Training loss: 4.51
Gradient step: 9449 	 Performance: 0.775 	 Training loss: 4.81
Gradient step: 9474 	 Performance: 0.815 	 Training loss: 4.61
Gradient step: 9499 	 Performance: 0.825 	 Training loss: 4.76
Gradient step: 9524 	 Performance: 0.825 	 Training loss: 4.64
Gradient step: 9549 	 Performance: 0.785 	 Training loss: 4.75
Gradient step: 9574 	 Performance: 0.78 	 Training loss: 4.83
Gradient step: 9599 	 Performance: 0.78 	 Training loss: 4.74
Gradient step: 9624 	 Performance: 0.795 	 Training loss: 4.72
Gradient step: 9649 	 Performance: 0.745 	 Training loss: 4.70
Gradient step: 9674 	 Performance: 0.795 	 Training loss: 4.92
Gradient step: 9699 	 Performance: 0.83 	 Training loss: 4.72
Gradient step: 9724 	 Performance: 0.86 	 Training loss: 4.77
Gradient step: 9749 	 Performance: 0.83 	 Training loss: 4.83
Gradient step: 9774 	 Performance: 0.835 	 Training loss: 4.60
Gradient step: 9799 	 Performance: 0.795 	 Training loss: 4.75
Gradient step: 9824 	 Performance: 0.81 	 Training loss: 4.76
Gradient step: 9849 	 Performance: 0.795 	 Training loss: 4.75
Gradient step: 9874 	 Performance: 0.8 	 Training loss: 4.79
Gradient step: 9899 	 Performance: 0.795 	 Training loss: 4.76
Gradient step: 9924 	 Performance: 0.795 	 Training loss: 4.68
Gradient step: 9949 	 Performance: 0.81 	 Training loss: 4.79
Gradient step: 9974 	 Performance: 0.84 	 Training loss: 4.80
Gradient step: 9999 	 Performance: 0.835 	 Training loss: 4.71
Folder '/om2/user/leokoz8/code/rnns-of-rnns/models/spectral/multidlydmseql/conformal' created successfully!
Gradient step: 0 	 Performance: 0.055 	 Training loss: 3.23
Gradient step: 24 	 Performance: 0.045 	 Training loss: 41.73
Gradient step: 49 	 Performance: 0.055 	 Training loss: 21.93
Gradient step: 74 	 Performance: 0.07 	 Training loss: 20.01
Gradient step: 99 	 Performance: 0.13 	 Training loss: 18.64
Gradient step: 124 	 Performance: 0.2 	 Training loss: 17.33
Gradient step: 149 	 Performance: 0.105 	 Training loss: 16.52
Gradient step: 174 	 Performance: 0.195 	 Training loss: 15.49
Gradient step: 199 	 Performance: 0.25 	 Training loss: 14.66
Gradient step: 224 	 Performance: 0.24 	 Training loss: 14.18
Gradient step: 249 	 Performance: 0.34 	 Training loss: 13.79
Gradient step: 274 	 Performance: 0.235 	 Training loss: 13.17
Gradient step: 299 	 Performance: 0.275 	 Training loss: 12.79
Gradient step: 324 	 Performance: 0.31 	 Training loss: 12.43
Gradient step: 349 	 Performance: 0.415 	 Training loss: 11.70
Gradient step: 374 	 Performance: 0.4 	 Training loss: 10.95
Gradient step: 399 	 Performance: 0.44 	 Training loss: 10.01
Gradient step: 424 	 Performance: 0.41 	 Training loss: 9.78
Gradient step: 449 	 Performance: 0.42 	 Training loss: 9.27
Gradient step: 474 	 Performance: 0.535 	 Training loss: 8.56
Gradient step: 499 	 Performance: 0.46 	 Training loss: 8.09
Gradient step: 524 	 Performance: 0.595 	 Training loss: 7.85
Gradient step: 549 	 Performance: 0.665 	 Training loss: 7.54
Gradient step: 574 	 Performance: 0.62 	 Training loss: 7.42
Gradient step: 599 	 Performance: 0.675 	 Training loss: 7.04
Gradient step: 624 	 Performance: 0.675 	 Training loss: 6.72
Gradient step: 649 	 Performance: 0.705 	 Training loss: 6.71
Gradient step: 674 	 Performance: 0.695 	 Training loss: 6.61
Gradient step: 699 	 Performance: 0.695 	 Training loss: 6.29
Gradient step: 724 	 Performance: 0.72 	 Training loss: 6.42
Gradient step: 749 	 Performance: 0.665 	 Training loss: 6.16
Gradient step: 774 	 Performance: 0.78 	 Training loss: 6.10
Gradient step: 799 	 Performance: 0.645 	 Training loss: 6.35
Gradient step: 824 	 Performance: 0.735 	 Training loss: 6.07
Gradient step: 849 	 Performance: 0.71 	 Training loss: 5.78
Gradient step: 874 	 Performance: 0.77 	 Training loss: 5.28
Gradient step: 899 	 Performance: 0.74 	 Training loss: 5.79
Gradient step: 924 	 Performance: 0.735 	 Training loss: 5.72
Gradient step: 949 	 Performance: 0.76 	 Training loss: 5.69
Gradient step: 974 	 Performance: 0.755 	 Training loss: 5.28
Gradient step: 999 	 Performance: 0.735 	 Training loss: 5.69
Gradient step: 1024 	 Performance: 0.775 	 Training loss: 5.48
Gradient step: 1049 	 Performance: 0.82 	 Training loss: 4.82
Gradient step: 1074 	 Performance: 0.775 	 Training loss: 5.40
Gradient step: 1099 	 Performance: 0.885 	 Training loss: 5.53
Gradient step: 1124 	 Performance: 0.74 	 Training loss: 5.48
Gradient step: 1149 	 Performance: 0.805 	 Training loss: 5.36
Gradient step: 1174 	 Performance: 0.715 	 Training loss: 5.07
Gradient step: 1199 	 Performance: 0.8 	 Training loss: 5.50
Gradient step: 1224 	 Performance: 0.76 	 Training loss: 5.00
Gradient step: 1249 	 Performance: 0.775 	 Training loss: 5.08
Gradient step: 1274 	 Performance: 0.87 	 Training loss: 4.81
Gradient step: 1299 	 Performance: 0.795 	 Training loss: 4.72
Gradient step: 1324 	 Performance: 0.805 	 Training loss: 4.80
Gradient step: 1349 	 Performance: 0.81 	 Training loss: 4.67
Gradient step: 1374 	 Performance: 0.805 	 Training loss: 4.75
Gradient step: 1399 	 Performance: 0.845 	 Training loss: 4.30
Gradient step: 1424 	 Performance: 0.885 	 Training loss: 3.91
Gradient step: 1449 	 Performance: 0.875 	 Training loss: 3.79
Gradient step: 1474 	 Performance: 0.87 	 Training loss: 3.71
Gradient step: 1499 	 Performance: 0.87 	 Training loss: 3.77
Gradient step: 1524 	 Performance: 0.83 	 Training loss: 3.67
Gradient step: 1549 	 Performance: 0.865 	 Training loss: 3.74
Gradient step: 1574 	 Performance: 0.855 	 Training loss: 3.72
Gradient step: 1599 	 Performance: 0.855 	 Training loss: 3.65
Gradient step: 1624 	 Performance: 0.885 	 Training loss: 3.56
Gradient step: 1649 	 Performance: 0.88 	 Training loss: 3.75
Gradient step: 1674 	 Performance: 0.87 	 Training loss: 3.65
Gradient step: 1699 	 Performance: 0.87 	 Training loss: 3.57
Gradient step: 1724 	 Performance: 0.875 	 Training loss: 3.44
Gradient step: 1749 	 Performance: 0.885 	 Training loss: 3.52
Gradient step: 1774 	 Performance: 0.83 	 Training loss: 3.51
Gradient step: 1799 	 Performance: 0.885 	 Training loss: 3.58
Gradient step: 1824 	 Performance: 0.865 	 Training loss: 3.67
Gradient step: 1849 	 Performance: 0.89 	 Training loss: 3.63
Gradient step: 1874 	 Performance: 0.815 	 Training loss: 3.49
Gradient step: 1899 	 Performance: 0.89 	 Training loss: 3.48
Gradient step: 1924 	 Performance: 0.895 	 Training loss: 3.44
Gradient step: 1949 	 Performance: 0.855 	 Training loss: 3.41
Gradient step: 1974 	 Performance: 0.895 	 Training loss: 3.45
Gradient step: 1999 	 Performance: 0.9 	 Training loss: 3.50
Folder '/om2/user/leokoz8/code/rnns-of-rnns/models/spectral/multidlydmseql/None' created successfully!
