Gradient step: 0 	 Performance: 0.06 	 Training loss: 3.81
Gradient step: 24 	 Performance: 0.07 	 Training loss: 31.87
Gradient step: 49 	 Performance: 0.085 	 Training loss: 28.12
Gradient step: 74 	 Performance: 0.07 	 Training loss: 26.55
Gradient step: 99 	 Performance: 0.105 	 Training loss: 24.69
Folder '/om2/user/leokoz8/code/rnns-of-rnns/models/None/dlygointr/None' already exists!
Gradient step: 0 	 Performance: 0.05 	 Training loss: 2.98
Gradient step: 24 	 Performance: 0.07 	 Training loss: 31.81
Gradient step: 49 	 Performance: 0.06 	 Training loss: 26.92
Gradient step: 74 	 Performance: 0.11 	 Training loss: 23.55
Gradient step: 99 	 Performance: 0.075 	 Training loss: 21.40
Folder '/om2/user/leokoz8/code/rnns-of-rnns/models/sym/dlygointr/conformal' already exists!
Gradient step: 0 	 Performance: 0.055 	 Training loss: 3.80
Gradient step: 24 	 Performance: 0.05 	 Training loss: 31.85
Gradient step: 49 	 Performance: 0.055 	 Training loss: 27.97
Gradient step: 74 	 Performance: 0.065 	 Training loss: 26.83
Gradient step: 99 	 Performance: 0.085 	 Training loss: 24.69
Folder '/om2/user/leokoz8/code/rnns-of-rnns/models/sym/dlygointr/None' already exists!
Gradient step: 0 	 Performance: 0.07 	 Training loss: 2.98
Gradient step: 24 	 Performance: 0.085 	 Training loss: 31.76
Gradient step: 49 	 Performance: 0.03 	 Training loss: 27.01
Gradient step: 74 	 Performance: 0.075 	 Training loss: 23.65
Gradient step: 99 	 Performance: 0.09 	 Training loss: 21.43
Folder '/om2/user/leokoz8/code/rnns-of-rnns/models/spectral/dlygointr/conformal' already exists!
Gradient step: 0 	 Performance: 0.07 	 Training loss: 3.82
Gradient step: 24 	 Performance: 0.085 	 Training loss: 31.90
Gradient step: 49 	 Performance: 0.05 	 Training loss: 28.11
Gradient step: 74 	 Performance: 0.065 	 Training loss: 26.57
Gradient step: 99 	 Performance: 0.095 	 Training loss: 24.57
Folder '/om2/user/leokoz8/code/rnns-of-rnns/models/spectral/dlygointr/None' already exists!
