[I 18:38:43.596 NotebookApp] [nb_conda_kernels] enabled, 13 kernels found
[I 18:38:43.650 NotebookApp] Authentication of /metrics is OFF, since other authentication is disabled.
[W 18:38:44.035 NotebookApp] All authentication is disabled.  Anyone who can connect to this server will be able to run code.
[I 18:38:44.036 NotebookApp] The port 9000 is already in use, trying another port.
[I 18:38:44.036 NotebookApp] The port 9001 is already in use, trying another port.
[W 2023-05-02 18:38:44.398 LabApp] Config option `kernel_spec_manager_class` not recognized by `LabApp`.
[W 2023-05-02 18:38:44.402 LabApp] 'ip' has moved from NotebookApp to ServerApp. This config will be passed to ServerApp. Be sure to update your config before our next release.
[W 2023-05-02 18:38:44.402 LabApp] 'port' has moved from NotebookApp to ServerApp. This config will be passed to ServerApp. Be sure to update your config before our next release.
[W 2023-05-02 18:38:44.402 LabApp] 'token' has moved from NotebookApp to ServerApp. This config will be passed to ServerApp. Be sure to update your config before our next release.
[W 2023-05-02 18:38:44.402 LabApp] 'password' has moved from NotebookApp to ServerApp. This config will be passed to ServerApp. Be sure to update your config before our next release.
[W 2023-05-02 18:38:44.402 LabApp] 'password' has moved from NotebookApp to ServerApp. This config will be passed to ServerApp. Be sure to update your config before our next release.
[W 2023-05-02 18:38:44.402 LabApp] 'password' has moved from NotebookApp to ServerApp. This config will be passed to ServerApp. Be sure to update your config before our next release.
[W 2023-05-02 18:38:44.403 LabApp] Config option `kernel_spec_manager_class` not recognized by `LabApp`.
[W 2023-05-02 18:38:44.408 LabApp] Config option `kernel_spec_manager_class` not recognized by `LabApp`.
[I 2023-05-02 18:38:44.409 LabApp] JupyterLab extension loaded from /om/user/leokoz8/envs/rnns-of-rnns-env/lib/python3.8/site-packages/jupyterlab
[I 2023-05-02 18:38:44.409 LabApp] JupyterLab application directory is /weka/scratch/weka/fiete/leokoz8/envs/rnns-of-rnns-env/share/jupyter/lab
[I 18:38:44.413 NotebookApp] Serving notebooks from local directory: /net/vast-storage.ib.cluster/scratch/vast/fiete/leokoz8/code/rnns-of-rnns
[I 18:38:44.413 NotebookApp] Jupyter Notebook 6.3.0 is running at:
[I 18:38:44.413 NotebookApp] http://node113:9002/
[I 18:38:44.413 NotebookApp] Use Control-C to stop this server and shut down all kernels (twice to skip confirmation).
[I 18:39:54.240 NotebookApp] 302 GET / (172.16.24.254) 0.510000ms
/om/user/leokoz8/envs/rnns-of-rnns-env/lib/python3.8/json/encoder.py:257: UserWarning: date_default is deprecated since jupyter_client 7.0.0. Use jupyter_client.jsonutil.json_default.
  return _iterencode(o, 0)
[I 18:44:44.428 NotebookApp] Creating new notebook in /notebooks
Exception in callback <TaskWakeupMethWrapper object at 0x148352ee67f0>(<Future finis...late\r\n\r\n'>)
handle: <Handle <TaskWakeupMethWrapper object at 0x148352ee67f0>(<Future finis...late\r\n\r\n'>)>
Traceback (most recent call last):
  File "/om/user/leokoz8/envs/rnns-of-rnns-env/lib/python3.8/asyncio/events.py", line 81, in _run
    self._context.run(self._callback, *self._args)
RuntimeError: Cannot enter into task <Task pending name='Task-8' coro=<HTTP1ServerConnection._server_request_loop() running at /om/user/leokoz8/envs/rnns-of-rnns-env/lib/python3.8/site-packages/tornado/http1connection.py:825> wait_for=<Future finished result=b'GET /api/co...flate\r\n\r\n'> cb=[IOLoop.add_future.<locals>.<lambda>() at /om/user/leokoz8/envs/rnns-of-rnns-env/lib/python3.8/site-packages/tornado/ioloop.py:687]> while another task <Task pending name='Task-1' coro=<MultiKernelManager._async_start_kernel() running at /om/user/leokoz8/envs/rnns-of-rnns-env/lib/python3.8/site-packages/jupyter_client/multikernelmanager.py:207>> is being executed.
Exception in callback <TaskWakeupMethWrapper object at 0x1483529951f0>(<Future finis...late\r\n\r\n'>)
handle: <Handle <TaskWakeupMethWrapper object at 0x1483529951f0>(<Future finis...late\r\n\r\n'>)>
Traceback (most recent call last):
  File "/om/user/leokoz8/envs/rnns-of-rnns-env/lib/python3.8/asyncio/events.py", line 81, in _run
    self._context.run(self._callback, *self._args)
RuntimeError: Cannot enter into task <Task pending name='Task-1' coro=<HTTP1ServerConnection._server_request_loop() running at /om/user/leokoz8/envs/rnns-of-rnns-env/lib/python3.8/site-packages/tornado/http1connection.py:825> wait_for=<Future finished result=b'GET /kernel...flate\r\n\r\n'> cb=[IOLoop.add_future.<locals>.<lambda>() at /om/user/leokoz8/envs/rnns-of-rnns-env/lib/python3.8/site-packages/tornado/ioloop.py:687]> while another task <Task pending name='Task-1' coro=<MultiKernelManager._async_start_kernel() running at /om/user/leokoz8/envs/rnns-of-rnns-env/lib/python3.8/site-packages/jupyter_client/multikernelmanager.py:207>> is being executed.
[I 18:44:51.180 NotebookApp] Kernel started: 90b78919-9af4-4d38-93ce-00ec6e0c0410, name: conda-env-leokoz8-rnns-of-rnns-env-py
/om/user/leokoz8/envs/rnns-of-rnns-env/lib/python3.8/json/encoder.py:257: UserWarning: date_default is deprecated since jupyter_client 7.0.0. Use jupyter_client.jsonutil.json_default.
  return _iterencode(o, 0)
[I 18:46:51.454 NotebookApp] Saving file at /notebooks/Writing Adaptive RNN of RNNs Class.ipynb
[I 18:48:52.051 NotebookApp] Saving file at /notebooks/Writing Adaptive RNN of RNNs Class.ipynb
[I 18:49:26.467 NotebookApp] Saving file at /notebooks/Writing Adaptive RNN of RNNs Class.ipynb
[I 18:49:26.891 NotebookApp] Starting buffering for 90b78919-9af4-4d38-93ce-00ec6e0c0410:7a6e713aa6bb470081c6f0ed91e29af2
[W 18:49:31.106 NotebookApp] Notebook notebooks/Writing Adaptive RNN of RNNs Class.ipynb is not trusted
[W 18:50:29.662 NotebookApp] Notebook notebooks/Adaptive Control.ipynb is not trusted
[I 18:50:30.584 NotebookApp] Kernel started: f5c94f1f-4966-47ba-97ae-8d1325d66736, name: conda-env-leokoz8-rnns-of-rnns-env-py
[I 18:51:31.468 NotebookApp] Saving file at /notebooks/Writing Adaptive RNN of RNNs Class.ipynb
[I 18:53:31.505 NotebookApp] Saving file at /notebooks/Writing Adaptive RNN of RNNs Class.ipynb
[I 18:55:31.650 NotebookApp] Saving file at /notebooks/Writing Adaptive RNN of RNNs Class.ipynb
[I 18:55:45.588 NotebookApp] Saving file at /notebooks/Writing Adaptive RNN of RNNs Class.ipynb
[I 18:55:57.134 NotebookApp] Saving file at /notebooks/Writing Adaptive RNN of RNNs Class.ipynb
[I 18:56:08.197 NotebookApp] Saving file at /notebooks/Writing Adaptive RNN of RNNs Class.ipynb
[I 18:56:25.110 NotebookApp] Saving file at /notebooks/Writing Adaptive RNN of RNNs Class.ipynb
[I 18:56:34.030 NotebookApp] Saving file at /notebooks/Writing Adaptive RNN of RNNs Class.ipynb
[I 18:56:37.415 NotebookApp] Saving file at /notebooks/Writing Adaptive RNN of RNNs Class.ipynb
[I 18:57:31.641 NotebookApp] Saving file at /notebooks/Writing Adaptive RNN of RNNs Class.ipynb
[I 18:57:52.529 NotebookApp] Saving file at /notebooks/Writing Adaptive RNN of RNNs Class.ipynb
[I 18:57:57.784 NotebookApp] Saving file at /notebooks/Writing Adaptive RNN of RNNs Class.ipynb
[I 18:58:25.281 NotebookApp] Saving file at /notebooks/Writing Adaptive RNN of RNNs Class.ipynb
[I 18:58:50.346 NotebookApp] Saving file at /notebooks/Writing Adaptive RNN of RNNs Class.ipynb
[I 18:59:31.468 NotebookApp] Saving file at /notebooks/Writing Adaptive RNN of RNNs Class.ipynb
[I 18:59:35.964 NotebookApp] Saving file at /notebooks/Writing Adaptive RNN of RNNs Class.ipynb
[I 18:59:41.434 NotebookApp] Saving file at /notebooks/Writing Adaptive RNN of RNNs Class.ipynb
[I 19:00:00.372 NotebookApp] Saving file at /notebooks/Writing Adaptive RNN of RNNs Class.ipynb
[I 19:00:26.038 NotebookApp] Saving file at /notebooks/Writing Adaptive RNN of RNNs Class.ipynb
[I 19:00:42.340 NotebookApp] Saving file at /notebooks/Writing Adaptive RNN of RNNs Class.ipynb
[I 19:00:54.342 NotebookApp] Saving file at /notebooks/Writing Adaptive RNN of RNNs Class.ipynb
[I 19:01:32.460 NotebookApp] Saving file at /notebooks/Writing Adaptive RNN of RNNs Class.ipynb
[I 19:03:15.129 NotebookApp] Saving file at /notebooks/Writing Adaptive RNN of RNNs Class.ipynb
[I 19:03:31.690 NotebookApp] Saving file at /notebooks/Writing Adaptive RNN of RNNs Class.ipynb
[I 19:05:31.974 NotebookApp] Saving file at /notebooks/Writing Adaptive RNN of RNNs Class.ipynb
[I 19:07:31.600 NotebookApp] Saving file at /notebooks/Writing Adaptive RNN of RNNs Class.ipynb
[I 19:09:32.770 NotebookApp] Saving file at /notebooks/Writing Adaptive RNN of RNNs Class.ipynb
[I 19:11:32.079 NotebookApp] Saving file at /notebooks/Writing Adaptive RNN of RNNs Class.ipynb
[I 19:12:25.933 NotebookApp] Saving file at /notebooks/Writing Adaptive RNN of RNNs Class.ipynb
[I 19:13:31.793 NotebookApp] Saving file at /notebooks/Writing Adaptive RNN of RNNs Class.ipynb
[I 19:13:36.705 NotebookApp] Saving file at /notebooks/Writing Adaptive RNN of RNNs Class.ipynb
[I 19:14:12.410 NotebookApp] Saving file at /notebooks/Writing Adaptive RNN of RNNs Class.ipynb
[I 19:14:20.858 NotebookApp] Saving file at /notebooks/Writing Adaptive RNN of RNNs Class.ipynb
[I 19:15:32.068 NotebookApp] Saving file at /notebooks/Writing Adaptive RNN of RNNs Class.ipynb
[I 19:15:53.181 NotebookApp] Saving file at /notebooks/Writing Adaptive RNN of RNNs Class.ipynb
[I 19:16:07.741 NotebookApp] Saving file at /notebooks/Writing Adaptive RNN of RNNs Class.ipynb
[I 19:16:24.566 NotebookApp] Saving file at /notebooks/Writing Adaptive RNN of RNNs Class.ipynb
[I 19:16:26.966 NotebookApp] Saving file at /notebooks/Writing Adaptive RNN of RNNs Class.ipynb
[I 19:17:31.647 NotebookApp] Saving file at /notebooks/Writing Adaptive RNN of RNNs Class.ipynb
[I 19:17:49.079 NotebookApp] Saving file at /notebooks/Writing Adaptive RNN of RNNs Class.ipynb
[I 19:18:32.504 NotebookApp] Saving file at /notebooks/Writing Adaptive RNN of RNNs Class.ipynb
[I 19:19:05.265 NotebookApp] Saving file at /notebooks/Writing Adaptive RNN of RNNs Class.ipynb
[I 19:19:31.778 NotebookApp] Saving file at /notebooks/Writing Adaptive RNN of RNNs Class.ipynb
[I 19:21:31.717 NotebookApp] Saving file at /notebooks/Writing Adaptive RNN of RNNs Class.ipynb
[I 19:23:31.628 NotebookApp] Saving file at /notebooks/Writing Adaptive RNN of RNNs Class.ipynb
[I 19:25:31.536 NotebookApp] Saving file at /notebooks/Writing Adaptive RNN of RNNs Class.ipynb
[I 19:27:31.882 NotebookApp] Saving file at /notebooks/Writing Adaptive RNN of RNNs Class.ipynb
[I 19:29:31.691 NotebookApp] Saving file at /notebooks/Writing Adaptive RNN of RNNs Class.ipynb
[I 19:31:31.622 NotebookApp] Saving file at /notebooks/Writing Adaptive RNN of RNNs Class.ipynb
[I 19:33:31.620 NotebookApp] Saving file at /notebooks/Writing Adaptive RNN of RNNs Class.ipynb
[I 19:35:31.555 NotebookApp] Saving file at /notebooks/Writing Adaptive RNN of RNNs Class.ipynb
[I 19:37:31.513 NotebookApp] Saving file at /notebooks/Writing Adaptive RNN of RNNs Class.ipynb
[I 19:39:31.768 NotebookApp] Saving file at /notebooks/Writing Adaptive RNN of RNNs Class.ipynb
[I 19:51:31.471 NotebookApp] Saving file at /notebooks/Writing Adaptive RNN of RNNs Class.ipynb
[I 19:52:30.286 NotebookApp] Saving file at /notebooks/Writing Adaptive RNN of RNNs Class.ipynb
[I 19:53:31.570 NotebookApp] Saving file at /notebooks/Writing Adaptive RNN of RNNs Class.ipynb
[I 19:55:31.630 NotebookApp] Saving file at /notebooks/Writing Adaptive RNN of RNNs Class.ipynb
[I 19:55:58.352 NotebookApp] Saving file at /notebooks/Writing Adaptive RNN of RNNs Class.ipynb
[I 19:56:07.976 NotebookApp] Saving file at /notebooks/Writing Adaptive RNN of RNNs Class.ipynb
[I 19:57:31.757 NotebookApp] Saving file at /notebooks/Writing Adaptive RNN of RNNs Class.ipynb
[I 20:59:32.399 NotebookApp] Saving file at /notebooks/Writing Adaptive RNN of RNNs Class.ipynb
[I 21:01:32.323 NotebookApp] Saving file at /notebooks/Writing Adaptive RNN of RNNs Class.ipynb
[I 21:03:31.367 NotebookApp] Saving file at /notebooks/Writing Adaptive RNN of RNNs Class.ipynb
[I 21:04:05.730 NotebookApp] Starting buffering for f5c94f1f-4966-47ba-97ae-8d1325d66736:adae8c6c163848e392c785759c05a298
[W 21:04:34.303 NotebookApp] Notebook notebooks/Adaptive Control.ipynb is not trusted
[I 21:05:32.355 NotebookApp] Saving file at /notebooks/Writing Adaptive RNN of RNNs Class.ipynb
[I 21:06:35.305 NotebookApp] Saving file at /notebooks/Adaptive Control.ipynb
[W 21:06:35.305 NotebookApp] Notebook notebooks/Adaptive Control.ipynb is not trusted
[I 21:07:32.343 NotebookApp] Saving file at /notebooks/Writing Adaptive RNN of RNNs Class.ipynb
[I 21:08:35.294 NotebookApp] Saving file at /notebooks/Adaptive Control.ipynb
[W 21:08:35.294 NotebookApp] Notebook notebooks/Adaptive Control.ipynb is not trusted
slurmstepd: error: *** JOB 30527438 ON node113 CANCELLED AT 2023-05-02T21:09:21 DUE TO PREEMPTION ***
